### cycle 01/01
start_unix_ms=1771452599829
end_unix_ms=1771452609235
duration_ms=9406
return_code=0


  [2m2026-02-18T22:09:59.865789Z[0m [32m INFO[0m [1;32mrch::hook[0m[32m: [32mSelected worker: vmi1149989 at ubuntu@212.90.121.76 (4 slots, speed 50.0)[0m
    [2;3mat[0m rch/src/hook.rs:282 [2;3mon[0m ThreadId(1)

  [2m2026-02-18T22:10:00.017041Z[0m [32m INFO[0m [1;32mrch::hook[0m[32m: [32mStarting remote compilation pipeline for franken_networkx (hash: 8a26879a377a6546)[0m
    [2;3mat[0m rch/src/hook.rs:3406 [2;3mon[0m ThreadId(1)

  [2m2026-02-18T22:10:00.017087Z[0m [32m INFO[0m [1;32mrch::hook[0m[32m: [32mPrepared dependency sync manifest for 1 roots[0m
    [2;3mat[0m rch/src/hook.rs:3428 [2;3mon[0m ThreadId(1)

  [2m2026-02-18T22:10:01.417349Z[0m [32m INFO[0m [1;32mrch::hook[0m[32m: [32mSyncing project to worker vmi1149989...[0m
    [2;3mat[0m rch/src/hook.rs:3452 [2;3mon[0m ThreadId(1)

  [2m2026-02-18T22:10:01.417390Z[0m [32m INFO[0m [1;32mrch::transfer[0m[32m: [32mSyncing /data/projects/franken_networkx -> /data/projects/franken_networkx on vmi1149989[0m
    [2;3mat[0m rch/src/transfer.rs:908 [2;3mon[0m ThreadId(1)

  [2m2026-02-18T22:10:03.995015Z[0m [32m INFO[0m [1;32mrch::transfer[0m[32m: [32mSync completed in 2577ms[0m
    [2;3mat[0m rch/src/transfer.rs:977 [2;3mon[0m ThreadId(1)

  [2m2026-02-18T22:10:03.995037Z[0m [32m INFO[0m [1;32mrch::hook[0m[32m: [32mSync complete: 2498 files, 88622 bytes in 2577ms[0m
    [2;3mat[0m rch/src/hook.rs:3527 [2;3mon[0m ThreadId(1)

  [2m2026-02-18T22:10:05.387816Z[0m [32m INFO[0m [1;32mrch::hook[0m[32m: [32mExecuting command remotely: cargo run -q -p fnx-conformance --bin run_smoke -- --fixture generated/conformance_harness_strict.json --mode hardened[0m
    [2;3mat[0m rch/src/hook.rs:3547 [2;3mon[0m ThreadId(1)

  [2m2026-02-18T22:10:05.387841Z[0m [32m INFO[0m [1;32mrch::transfer[0m[32m: [32mWrapping command with external timeout protection, [1;32mkind[0m[32m: cargo build, [1;32mtimeout_secs[0m[32m: 300[0m
    [2;3mat[0m rch/src/transfer.rs:669 [2;3mon[0m ThreadId(1)

suite=smoke fixtures=1 mismatches=0 oracle_present=true structured_logs=1
  [2m2026-02-18T22:10:06.984504Z[0m [32m INFO[0m [1;32mrch::hook[0m[32m: [32mRemote command finished: exit=0 in 1596ms[0m
    [2;3mat[0m rch/src/hook.rs:3656 [2;3mon[0m ThreadId(1)

  [2m2026-02-18T22:10:06.984514Z[0m [32m INFO[0m [1;32mrch::hook[0m[32m: [32mRetrieving build artifacts...[0m
    [2;3mat[0m rch/src/hook.rs:3698 [2;3mon[0m ThreadId(1)

  [2m2026-02-18T22:10:06.984521Z[0m [32m INFO[0m [1;32mrch::transfer[0m[32m: [32mRetrieving artifacts from /data/projects/franken_networkx on vmi1149989[0m
    [2;3mat[0m rch/src/transfer.rs:1511 [2;3mon[0m ThreadId(1)

  [2m2026-02-18T22:10:09.231906Z[0m [32m INFO[0m [1;32mrch::transfer[0m[32m: [32mArtifacts retrieved in 2247ms (1543 files, 196 bytes)[0m
    [2;3mat[0m rch/src/transfer.rs:1550 [2;3mon[0m ThreadId(1)

  [2m2026-02-18T22:10:09.231923Z[0m [32m INFO[0m [1;32mrch::hook[0m[32m: [32mArtifacts retrieved: 1543 files, 196 bytes in 2247ms[0m
    [2;3mat[0m rch/src/hook.rs:3725 [2;3mon[0m ThreadId(1)

[RCH] remote vmi1149989 (9.4s)

