{
  "schema_version": "1.0.0",
  "artifact_id": "e2e-script-pack-replay-report-v1",
  "generated_at_utc": "2026-02-16T21:25:48.548416+00:00",
  "status": "passed",
  "reason_code": null,
  "scenario_id": "asupersync_sidecar_mismatch",
  "gate_step_id": "step-1",
  "bundle_id": "e2e-bundle-81fdac520dfcba32",
  "fixture_id": "generated/runtime_config_optional_strict.json",
  "mode": "hardened",
  "replayed_manifest_path": "artifacts/e2e/latest/bundles/asupersync_sidecar_mismatch/baseline/bundle_manifest_v1.json",
  "replay_command_expected": "rch exec -- cargo test -q -p fnx-runtime asupersync_adapter_checksum_mismatch_is_fail_closed_and_audited -- --exact --nocapture",
  "replay_command_executed": "rch exec -- cargo test -q -p fnx-runtime asupersync_adapter_checksum_mismatch_is_fail_closed_and_audited -- --exact --nocapture",
  "command_log_path": "artifacts/e2e/latest/replay/asupersync_sidecar_mismatch/replay_command.log",
  "failure_envelope_path": "artifacts/e2e/latest/bundles/asupersync_sidecar_mismatch/baseline/failure_envelope_v1.json",
  "forensics_index_path": "artifacts/e2e/latest/e2e_script_pack_bundle_index_v1.json",
  "retention_policy": {
    "policy_id": "e2e-latest-retention-v1",
    "min_retention_days": 14,
    "storage_root": "artifacts/e2e/latest"
  },
  "evidence_refs": {
    "parity_report": "artifacts/phase2c/FNX-P2C-008/parity_report.json",
    "parity_report_raptorq": "artifacts/phase2c/FNX-P2C-008/parity_report.raptorq.json",
    "parity_report_decode_proof": "artifacts/phase2c/FNX-P2C-008/parity_report.decode_proof.json",
    "contract_table": "artifacts/phase2c/FNX-P2C-008/contract_table.md",
    "risk_note": "artifacts/phase2c/FNX-P2C-008/risk_note.md",
    "legacy_anchor_map": "artifacts/phase2c/FNX-P2C-008/legacy_anchor_map.md",
    "profile_first_artifacts": {
      "baseline": "artifacts/perf/phase2c/perf_baseline_matrix_v1.json",
      "hotspot": "artifacts/perf/phase2c/hotspot_one_lever_backlog_v1.json",
      "delta": "artifacts/perf/phase2c/perf_regression_gate_report_v1.json"
    },
    "optimization_lever_policy": {
      "rule": "exactly_one_optimization_lever_per_change",
      "evidence_path": "artifacts/perf/phase2c/hotspot_one_lever_backlog_v1.json"
    },
    "isomorphism_proof_artifacts": [
      "artifacts/proofs/ISOMORPHISM_PROOF_FNX_P2C_FOUNDATION_V1.md",
      "artifacts/perf/phase2c/isomorphism_harness_report_v1.json",
      "artifacts/perf/phase2c/isomorphism_golden_signatures_v1.json"
    ],
    "durability_evidence": [
      "artifacts/conformance/latest/durability_pipeline_report.json",
      "artifacts/conformance/latest/structured_logs.raptorq.json"
    ],
    "baseline_comparator": "legacy_networkx/main@python3.12"
  },
  "start_unix_ms": 1771277137675,
  "end_unix_ms": 1771277148548,
  "duration_ms": 10873,
  "forensics_links_expected": {
    "structured_log_hash_id": "ccc83807fd70cab4",
    "forensic_bundle_id": "forensics::FNX-P2C-008::generated::runtime_config_optional_strict.json",
    "forensics_bundle_hash_id": "8a59a233df6170d6",
    "forensics_bundle_replay_ref": "rch exec -- cargo test -q -p fnx-runtime asupersync_adapter_checksum_mismatch_is_fail_closed_and_audited -- --exact --nocapture"
  },
  "forensics_links_observed": {
    "structured_log_hash_id": "ccc83807fd70cab4",
    "forensic_bundle_id": "forensics::FNX-P2C-008::generated::runtime_config_optional_strict.json",
    "forensics_bundle_hash_id": "8a59a233df6170d6",
    "forensics_bundle_replay_ref": "rch exec -- cargo test -q -p fnx-runtime asupersync_adapter_checksum_mismatch_is_fail_closed_and_audited -- --exact --nocapture"
  },
  "forensics_match": true,
  "structured_log_origin": "manifest_fallback",
  "diagnostics": []
}
