### cycle 01/01
start_unix_ms=1782019186419
end_unix_ms=1782019215915
duration_ms=29496
return_code=0
attempt_count=1

--- attempt 01/03
attempt_start_unix_ms=1782019186419
attempt_end_unix_ms=1782019215915
attempt_duration_ms=29496
return_code=0
retryable_rch_artifact_retrieval_failure=false
will_retry=false


  [2m2026-06-21T05:19:46.440070Z[0m [32m INFO[0m [1;32mrch::hook[0m[32m: [32mSelected worker: hz1 at root@87.99.133.171 (2 slots remaining after reservation, speed 50.0)[0m
    [2;3mat[0m rch/src/hook.rs:921 [2;3mon[0m ThreadId(1)

  [2m2026-06-21T05:19:46.650580Z[0m [32m INFO[0m [1;32mrch::hook::transfer_orchestration[0m[32m: [32mStarting remote compilation pipeline for franken_networkx-release-v020 (hash: f2d070a9d6bee224)[0m
    [2;3mat[0m rch/src/hook/transfer_orchestration.rs:241 [2;3mon[0m ThreadId(1)

  [2m2026-06-21T05:19:46.650620Z[0m [32m INFO[0m [1;32mrch::hook::transfer_orchestration[0m[32m: [32mPrepared dependency sync manifest for 13 roots[0m
    [2;3mat[0m rch/src/hook/transfer_orchestration.rs:263 [2;3mon[0m ThreadId(1)

  [2m2026-06-21T05:19:48.713231Z[0m [32m INFO[0m [1;32mrch::hook::transfer_orchestration[0m[32m: [32mSyncing project to worker hz1...[0m
    [2;3mat[0m rch/src/hook/transfer_orchestration.rs:323 [2;3mon[0m ThreadId(1)

  [2m2026-06-21T05:19:48.713279Z[0m [32m INFO[0m [1;32mrch::transfer[0m[32m: [32mSyncing /data/projects/.scratch/franken_networkx-release-v020 -> /data/projects/.scratch/franken_networkx-release-v020 on hz1[0m
    [2;3mat[0m rch/src/transfer.rs:1528 [2;3mon[0m ThreadId(1)

  [2m2026-06-21T05:19:50.667918Z[0m [32m INFO[0m [1;32mrch::transfer[0m[32m: [32mSync completed in 1954ms[0m
    [2;3mat[0m rch/src/transfer.rs:1592 [2;3mon[0m ThreadId(1)

  [2m2026-06-21T05:19:50.667996Z[0m [32m INFO[0m [1;32mrch::transfer[0m[32m: [32mSyncing /data/projects/.scratch/franken_networkx-release-v020/crates/fnx-algorithms -> /data/projects/.scratch/franken_networkx-release-v020/crates/fnx-algorithms on hz1[0m
    [2;3mat[0m rch/src/transfer.rs:1528 [2;3mon[0m ThreadId(1)

  [2m2026-06-21T05:19:51.098427Z[0m [32m INFO[0m [1;32mrch::transfer[0m[32m: [32mSync completed in 430ms[0m
    [2;3mat[0m rch/src/transfer.rs:1592 [2;3mon[0m ThreadId(1)

  [2m2026-06-21T05:19:51.098496Z[0m [32m INFO[0m [1;32mrch::transfer[0m[32m: [32mSyncing /data/projects/.scratch/franken_networkx-release-v020/crates/fnx-cgse -> /data/projects/.scratch/franken_networkx-release-v020/crates/fnx-cgse on hz1[0m
    [2;3mat[0m rch/src/transfer.rs:1528 [2;3mon[0m ThreadId(1)

  [2m2026-06-21T05:19:51.565046Z[0m [32m INFO[0m [1;32mrch::transfer[0m[32m: [32mSync completed in 466ms[0m
    [2;3mat[0m rch/src/transfer.rs:1592 [2;3mon[0m ThreadId(1)

  [2m2026-06-21T05:19:51.565117Z[0m [32m INFO[0m [1;32mrch::transfer[0m[32m: [32mSyncing /data/projects/.scratch/franken_networkx-release-v020/crates/fnx-classes -> /data/projects/.scratch/franken_networkx-release-v020/crates/fnx-classes on hz1[0m
    [2;3mat[0m rch/src/transfer.rs:1528 [2;3mon[0m ThreadId(1)

  [2m2026-06-21T05:19:52.002444Z[0m [32m INFO[0m [1;32mrch::transfer[0m[32m: [32mSync completed in 437ms[0m
    [2;3mat[0m rch/src/transfer.rs:1592 [2;3mon[0m ThreadId(1)

  [2m2026-06-21T05:19:52.002522Z[0m [32m INFO[0m [1;32mrch::transfer[0m[32m: [32mSyncing /data/projects/.scratch/franken_networkx-release-v020/crates/fnx-conformance -> /data/projects/.scratch/franken_networkx-release-v020/crates/fnx-conformance on hz1[0m
    [2;3mat[0m rch/src/transfer.rs:1528 [2;3mon[0m ThreadId(1)

  [2m2026-06-21T05:19:52.448006Z[0m [32m INFO[0m [1;32mrch::transfer[0m[32m: [32mSync completed in 445ms[0m
    [2;3mat[0m rch/src/transfer.rs:1592 [2;3mon[0m ThreadId(1)

  [2m2026-06-21T05:19:52.448073Z[0m [32m INFO[0m [1;32mrch::transfer[0m[32m: [32mSyncing /data/projects/.scratch/franken_networkx-release-v020/crates/fnx-convert -> /data/projects/.scratch/franken_networkx-release-v020/crates/fnx-convert on hz1[0m
    [2;3mat[0m rch/src/transfer.rs:1528 [2;3mon[0m ThreadId(1)

  [2m2026-06-21T05:19:52.856464Z[0m [32m INFO[0m [1;32mrch::transfer[0m[32m: [32mSync completed in 408ms[0m
    [2;3mat[0m rch/src/transfer.rs:1592 [2;3mon[0m ThreadId(1)

  [2m2026-06-21T05:19:52.856532Z[0m [32m INFO[0m [1;32mrch::transfer[0m[32m: [32mSyncing /data/projects/.scratch/franken_networkx-release-v020/crates/fnx-dispatch -> /data/projects/.scratch/franken_networkx-release-v020/crates/fnx-dispatch on hz1[0m
    [2;3mat[0m rch/src/transfer.rs:1528 [2;3mon[0m ThreadId(1)

  [2m2026-06-21T05:19:53.262659Z[0m [32m INFO[0m [1;32mrch::transfer[0m[32m: [32mSync completed in 406ms[0m
    [2;3mat[0m rch/src/transfer.rs:1592 [2;3mon[0m ThreadId(1)

  [2m2026-06-21T05:19:53.262731Z[0m [32m INFO[0m [1;32mrch::transfer[0m[32m: [32mSyncing /data/projects/.scratch/franken_networkx-release-v020/crates/fnx-durability -> /data/projects/.scratch/franken_networkx-release-v020/crates/fnx-durability on hz1[0m
    [2;3mat[0m rch/src/transfer.rs:1528 [2;3mon[0m ThreadId(1)

  [2m2026-06-21T05:19:53.669027Z[0m [32m INFO[0m [1;32mrch::transfer[0m[32m: [32mSync completed in 406ms[0m
    [2;3mat[0m rch/src/transfer.rs:1592 [2;3mon[0m ThreadId(1)

  [2m2026-06-21T05:19:53.669120Z[0m [32m INFO[0m [1;32mrch::transfer[0m[32m: [32mSyncing /data/projects/.scratch/franken_networkx-release-v020/crates/fnx-generators -> /data/projects/.scratch/franken_networkx-release-v020/crates/fnx-generators on hz1[0m
    [2;3mat[0m rch/src/transfer.rs:1528 [2;3mon[0m ThreadId(1)

  [2m2026-06-21T05:19:54.072916Z[0m [32m INFO[0m [1;32mrch::transfer[0m[32m: [32mSync completed in 403ms[0m
    [2;3mat[0m rch/src/transfer.rs:1592 [2;3mon[0m ThreadId(1)

  [2m2026-06-21T05:19:54.072995Z[0m [32m INFO[0m [1;32mrch::transfer[0m[32m: [32mSyncing /data/projects/.scratch/franken_networkx-release-v020/crates/fnx-python -> /data/projects/.scratch/franken_networkx-release-v020/crates/fnx-python on hz1[0m
    [2;3mat[0m rch/src/transfer.rs:1528 [2;3mon[0m ThreadId(1)

  [2m2026-06-21T05:19:54.502980Z[0m [32m INFO[0m [1;32mrch::transfer[0m[32m: [32mSync completed in 429ms[0m
    [2;3mat[0m rch/src/transfer.rs:1592 [2;3mon[0m ThreadId(1)

  [2m2026-06-21T05:19:54.503044Z[0m [32m INFO[0m [1;32mrch::transfer[0m[32m: [32mSyncing /data/projects/.scratch/franken_networkx-release-v020/crates/fnx-readwrite -> /data/projects/.scratch/franken_networkx-release-v020/crates/fnx-readwrite on hz1[0m
    [2;3mat[0m rch/src/transfer.rs:1528 [2;3mon[0m ThreadId(1)

  [2m2026-06-21T05:19:55.005025Z[0m [32m INFO[0m [1;32mrch::transfer[0m[32m: [32mSync completed in 501ms[0m
    [2;3mat[0m rch/src/transfer.rs:1592 [2;3mon[0m ThreadId(1)

  [2m2026-06-21T05:19:55.005093Z[0m [32m INFO[0m [1;32mrch::transfer[0m[32m: [32mSyncing /data/projects/.scratch/franken_networkx-release-v020/crates/fnx-runtime -> /data/projects/.scratch/franken_networkx-release-v020/crates/fnx-runtime on hz1[0m
    [2;3mat[0m rch/src/transfer.rs:1528 [2;3mon[0m ThreadId(1)

  [2m2026-06-21T05:19:55.484109Z[0m [32m INFO[0m [1;32mrch::transfer[0m[32m: [32mSync completed in 479ms[0m
    [2;3mat[0m rch/src/transfer.rs:1592 [2;3mon[0m ThreadId(1)

  [2m2026-06-21T05:19:55.484173Z[0m [32m INFO[0m [1;32mrch::transfer[0m[32m: [32mSyncing /data/projects/.scratch/franken_networkx-release-v020/crates/fnx-views -> /data/projects/.scratch/franken_networkx-release-v020/crates/fnx-views on hz1[0m
    [2;3mat[0m rch/src/transfer.rs:1528 [2;3mon[0m ThreadId(1)

  [2m2026-06-21T05:19:55.952830Z[0m [32m INFO[0m [1;32mrch::transfer[0m[32m: [32mSync completed in 468ms[0m
    [2;3mat[0m rch/src/transfer.rs:1592 [2;3mon[0m ThreadId(1)

  [2m2026-06-21T05:19:55.952866Z[0m [32m INFO[0m [1;32mrch::hook::transfer_orchestration[0m[32m: [32mSync complete: 63745 files, 3295494 bytes in 7232ms[0m
    [2;3mat[0m rch/src/hook/transfer_orchestration.rs:486 [2;3mon[0m ThreadId(1)

  [2m2026-06-21T05:19:56.931974Z[0m [32m INFO[0m [1;32mrch::hook::transfer_orchestration[0m[32m: [32mExecuting command remotely: cargo run -q -p fnx-conformance --bin run_smoke -- --fixture generated/centrality_edge_betweenness_strict.json --mode strict[0m
    [2;3mat[0m rch/src/hook/transfer_orchestration.rs:529 [2;3mon[0m ThreadId(1)

  [2m2026-06-21T05:19:56.932024Z[0m [32m INFO[0m [1;32mrch::transfer[0m[32m: [32mRewriting CARGO_TARGET_DIR for remote execution (worker-scoped path): /data/tmp/cargo-target -> /data/projects/.scratch/franken_networkx-release-v020/.rch-target-hz1-pool-a42b6534dc4ceab31971715629ed481d[0m
    [2;3mat[0m rch/src/transfer.rs:799 [2;3mon[0m ThreadId(1)

suite=smoke fixtures=1 mismatches=0 oracle_present=true structured_logs=1
  [2m2026-06-21T05:20:13.824013Z[0m [32m INFO[0m [1;32mrch::hook::transfer_orchestration[0m[32m: [32mRemote command finished: exit=0 in 16891ms[0m
    [2;3mat[0m rch/src/hook/transfer_orchestration.rs:653 [2;3mon[0m ThreadId(1)

  [2m2026-06-21T05:20:13.824277Z[0m [32m INFO[0m [1;32mrch::hook::transfer_orchestration[0m[32m: [32mRetrieving build artifacts...[0m
    [2;3mat[0m rch/src/hook/transfer_orchestration.rs:702 [2;3mon[0m ThreadId(1)

  [2m2026-06-21T05:20:13.824294Z[0m [32m INFO[0m [1;32mrch::transfer[0m[32m: [32mRetrieving artifacts from /data/projects/.scratch/franken_networkx-release-v020 on hz1[0m
    [2;3mat[0m rch/src/transfer.rs:2246 [2;3mon[0m ThreadId(1)

  [2m2026-06-21T05:20:14.230026Z[0m [32m INFO[0m [1;32mrch::transfer[0m[32m: [32mArtifacts retrieved in 405ms (1 files, 1008 bytes)[0m
    [2;3mat[0m rch/src/transfer.rs:2301 [2;3mon[0m ThreadId(1)

  [2m2026-06-21T05:20:14.230045Z[0m [32m INFO[0m [1;32mrch::hook::transfer_orchestration[0m[32m: [32mArtifacts retrieved: 1 files, 1008 bytes in 405ms[0m
    [2;3mat[0m rch/src/hook/transfer_orchestration.rs:735 [2;3mon[0m ThreadId(1)

  [2m2026-06-21T05:20:14.230134Z[0m [32m INFO[0m [1;32mrch::transfer[0m[32m: [32mRetrieving artifacts from /data/projects/.scratch/franken_networkx-release-v020/.rch-target-hz1-pool-a42b6534dc4ceab31971715629ed481d on hz1[0m
    [2;3mat[0m rch/src/transfer.rs:2246 [2;3mon[0m ThreadId(1)

  [2m2026-06-21T05:20:15.913005Z[0m [32m INFO[0m [1;32mrch::transfer[0m[32m: [32mArtifacts retrieved in 1682ms (109 files, 756690 bytes)[0m
    [2;3mat[0m rch/src/transfer.rs:2301 [2;3mon[0m ThreadId(1)

  [2m2026-06-21T05:20:15.913028Z[0m [32m INFO[0m [1;32mrch::hook::transfer_orchestration[0m[32m: [32mCustom CARGO_TARGET_DIR artifacts retrieved: 109 files, 756690 bytes in 1682ms[0m
    [2;3mat[0m rch/src/hook/transfer_orchestration.rs:859 [2;3mon[0m ThreadId(1)

[RCH] remote hz1 (29.5s)


