### cycle 01/04
start_unix_ms=1782018618619
end_unix_ms=1782018656097
duration_ms=37478
return_code=0
attempt_count=1

--- attempt 01/03
attempt_start_unix_ms=1782018618619
attempt_end_unix_ms=1782018656097
attempt_duration_ms=37478
return_code=0
retryable_rch_artifact_retrieval_failure=false
will_retry=false


  [2m2026-06-21T05:10:18.641242Z[0m [32m INFO[0m [1;32mrch::hook[0m[32m: [32mSelected worker: hz1 at root@87.99.133.171 (2 slots remaining after reservation, speed 50.0)[0m
    [2;3mat[0m rch/src/hook.rs:921 [2;3mon[0m ThreadId(1)

  [2m2026-06-21T05:10:18.852036Z[0m [32m INFO[0m [1;32mrch::hook::transfer_orchestration[0m[32m: [32mStarting remote compilation pipeline for franken_networkx-release-v020 (hash: f2d070a9d6bee224)[0m
    [2;3mat[0m rch/src/hook/transfer_orchestration.rs:241 [2;3mon[0m ThreadId(1)

  [2m2026-06-21T05:10:18.852116Z[0m [32m INFO[0m [1;32mrch::hook::transfer_orchestration[0m[32m: [32mPrepared dependency sync manifest for 13 roots[0m
    [2;3mat[0m rch/src/hook/transfer_orchestration.rs:263 [2;3mon[0m ThreadId(1)

  [2m2026-06-21T05:10:20.953386Z[0m [32m INFO[0m [1;32mrch::hook::transfer_orchestration[0m[32m: [32mSyncing project to worker hz1...[0m
    [2;3mat[0m rch/src/hook/transfer_orchestration.rs:323 [2;3mon[0m ThreadId(1)

  [2m2026-06-21T05:10:20.953431Z[0m [32m INFO[0m [1;32mrch::transfer[0m[32m: [32mSyncing /data/projects/.scratch/franken_networkx-release-v020 -> /data/projects/.scratch/franken_networkx-release-v020 on hz1[0m
    [2;3mat[0m rch/src/transfer.rs:1528 [2;3mon[0m ThreadId(1)

  [2m2026-06-21T05:10:23.162090Z[0m [32m INFO[0m [1;32mrch::transfer[0m[32m: [32mSync completed in 2208ms[0m
    [2;3mat[0m rch/src/transfer.rs:1592 [2;3mon[0m ThreadId(1)

  [2m2026-06-21T05:10:23.162158Z[0m [32m INFO[0m [1;32mrch::transfer[0m[32m: [32mSyncing /data/projects/.scratch/franken_networkx-release-v020/crates/fnx-algorithms -> /data/projects/.scratch/franken_networkx-release-v020/crates/fnx-algorithms on hz1[0m
    [2;3mat[0m rch/src/transfer.rs:1528 [2;3mon[0m ThreadId(1)

  [2m2026-06-21T05:10:23.581563Z[0m [32m INFO[0m [1;32mrch::transfer[0m[32m: [32mSync completed in 419ms[0m
    [2;3mat[0m rch/src/transfer.rs:1592 [2;3mon[0m ThreadId(1)

  [2m2026-06-21T05:10:23.581628Z[0m [32m INFO[0m [1;32mrch::transfer[0m[32m: [32mSyncing /data/projects/.scratch/franken_networkx-release-v020/crates/fnx-cgse -> /data/projects/.scratch/franken_networkx-release-v020/crates/fnx-cgse on hz1[0m
    [2;3mat[0m rch/src/transfer.rs:1528 [2;3mon[0m ThreadId(1)

  [2m2026-06-21T05:10:24.033139Z[0m [32m INFO[0m [1;32mrch::transfer[0m[32m: [32mSync completed in 451ms[0m
    [2;3mat[0m rch/src/transfer.rs:1592 [2;3mon[0m ThreadId(1)

  [2m2026-06-21T05:10:24.033200Z[0m [32m INFO[0m [1;32mrch::transfer[0m[32m: [32mSyncing /data/projects/.scratch/franken_networkx-release-v020/crates/fnx-classes -> /data/projects/.scratch/franken_networkx-release-v020/crates/fnx-classes on hz1[0m
    [2;3mat[0m rch/src/transfer.rs:1528 [2;3mon[0m ThreadId(1)

  [2m2026-06-21T05:10:24.506338Z[0m [32m INFO[0m [1;32mrch::transfer[0m[32m: [32mSync completed in 473ms[0m
    [2;3mat[0m rch/src/transfer.rs:1592 [2;3mon[0m ThreadId(1)

  [2m2026-06-21T05:10:24.506405Z[0m [32m INFO[0m [1;32mrch::transfer[0m[32m: [32mSyncing /data/projects/.scratch/franken_networkx-release-v020/crates/fnx-conformance -> /data/projects/.scratch/franken_networkx-release-v020/crates/fnx-conformance on hz1[0m
    [2;3mat[0m rch/src/transfer.rs:1528 [2;3mon[0m ThreadId(1)

  [2m2026-06-21T05:10:24.913033Z[0m [32m INFO[0m [1;32mrch::transfer[0m[32m: [32mSync completed in 406ms[0m
    [2;3mat[0m rch/src/transfer.rs:1592 [2;3mon[0m ThreadId(1)

  [2m2026-06-21T05:10:24.913104Z[0m [32m INFO[0m [1;32mrch::transfer[0m[32m: [32mSyncing /data/projects/.scratch/franken_networkx-release-v020/crates/fnx-convert -> /data/projects/.scratch/franken_networkx-release-v020/crates/fnx-convert on hz1[0m
    [2;3mat[0m rch/src/transfer.rs:1528 [2;3mon[0m ThreadId(1)

  [2m2026-06-21T05:10:25.357630Z[0m [32m INFO[0m [1;32mrch::transfer[0m[32m: [32mSync completed in 444ms[0m
    [2;3mat[0m rch/src/transfer.rs:1592 [2;3mon[0m ThreadId(1)

  [2m2026-06-21T05:10:25.357706Z[0m [32m INFO[0m [1;32mrch::transfer[0m[32m: [32mSyncing /data/projects/.scratch/franken_networkx-release-v020/crates/fnx-dispatch -> /data/projects/.scratch/franken_networkx-release-v020/crates/fnx-dispatch on hz1[0m
    [2;3mat[0m rch/src/transfer.rs:1528 [2;3mon[0m ThreadId(1)

  [2m2026-06-21T05:10:25.758505Z[0m [32m INFO[0m [1;32mrch::transfer[0m[32m: [32mSync completed in 400ms[0m
    [2;3mat[0m rch/src/transfer.rs:1592 [2;3mon[0m ThreadId(1)

  [2m2026-06-21T05:10:25.758572Z[0m [32m INFO[0m [1;32mrch::transfer[0m[32m: [32mSyncing /data/projects/.scratch/franken_networkx-release-v020/crates/fnx-durability -> /data/projects/.scratch/franken_networkx-release-v020/crates/fnx-durability on hz1[0m
    [2;3mat[0m rch/src/transfer.rs:1528 [2;3mon[0m ThreadId(1)

  [2m2026-06-21T05:10:26.158652Z[0m [32m INFO[0m [1;32mrch::transfer[0m[32m: [32mSync completed in 400ms[0m
    [2;3mat[0m rch/src/transfer.rs:1592 [2;3mon[0m ThreadId(1)

  [2m2026-06-21T05:10:26.158730Z[0m [32m INFO[0m [1;32mrch::transfer[0m[32m: [32mSyncing /data/projects/.scratch/franken_networkx-release-v020/crates/fnx-generators -> /data/projects/.scratch/franken_networkx-release-v020/crates/fnx-generators on hz1[0m
    [2;3mat[0m rch/src/transfer.rs:1528 [2;3mon[0m ThreadId(1)

  [2m2026-06-21T05:10:26.566229Z[0m [32m INFO[0m [1;32mrch::transfer[0m[32m: [32mSync completed in 407ms[0m
    [2;3mat[0m rch/src/transfer.rs:1592 [2;3mon[0m ThreadId(1)

  [2m2026-06-21T05:10:26.566314Z[0m [32m INFO[0m [1;32mrch::transfer[0m[32m: [32mSyncing /data/projects/.scratch/franken_networkx-release-v020/crates/fnx-python -> /data/projects/.scratch/franken_networkx-release-v020/crates/fnx-python on hz1[0m
    [2;3mat[0m rch/src/transfer.rs:1528 [2;3mon[0m ThreadId(1)

  [2m2026-06-21T05:10:26.967955Z[0m [32m INFO[0m [1;32mrch::transfer[0m[32m: [32mSync completed in 401ms[0m
    [2;3mat[0m rch/src/transfer.rs:1592 [2;3mon[0m ThreadId(1)

  [2m2026-06-21T05:10:26.968073Z[0m [32m INFO[0m [1;32mrch::transfer[0m[32m: [32mSyncing /data/projects/.scratch/franken_networkx-release-v020/crates/fnx-readwrite -> /data/projects/.scratch/franken_networkx-release-v020/crates/fnx-readwrite on hz1[0m
    [2;3mat[0m rch/src/transfer.rs:1528 [2;3mon[0m ThreadId(1)

  [2m2026-06-21T05:10:27.377623Z[0m [32m INFO[0m [1;32mrch::transfer[0m[32m: [32mSync completed in 409ms[0m
    [2;3mat[0m rch/src/transfer.rs:1592 [2;3mon[0m ThreadId(1)

  [2m2026-06-21T05:10:27.377689Z[0m [32m INFO[0m [1;32mrch::transfer[0m[32m: [32mSyncing /data/projects/.scratch/franken_networkx-release-v020/crates/fnx-runtime -> /data/projects/.scratch/franken_networkx-release-v020/crates/fnx-runtime on hz1[0m
    [2;3mat[0m rch/src/transfer.rs:1528 [2;3mon[0m ThreadId(1)

  [2m2026-06-21T05:10:27.802067Z[0m [32m INFO[0m [1;32mrch::transfer[0m[32m: [32mSync completed in 424ms[0m
    [2;3mat[0m rch/src/transfer.rs:1592 [2;3mon[0m ThreadId(1)

  [2m2026-06-21T05:10:27.802135Z[0m [32m INFO[0m [1;32mrch::transfer[0m[32m: [32mSyncing /data/projects/.scratch/franken_networkx-release-v020/crates/fnx-views -> /data/projects/.scratch/franken_networkx-release-v020/crates/fnx-views on hz1[0m
    [2;3mat[0m rch/src/transfer.rs:1528 [2;3mon[0m ThreadId(1)

  [2m2026-06-21T05:10:28.233519Z[0m [32m INFO[0m [1;32mrch::transfer[0m[32m: [32mSync completed in 431ms[0m
    [2;3mat[0m rch/src/transfer.rs:1592 [2;3mon[0m ThreadId(1)

  [2m2026-06-21T05:10:28.233559Z[0m [32m INFO[0m [1;32mrch::hook::transfer_orchestration[0m[32m: [32mSync complete: 63745 files, 3295247 bytes in 7273ms[0m
    [2;3mat[0m rch/src/hook/transfer_orchestration.rs:486 [2;3mon[0m ThreadId(1)

  [2m2026-06-21T05:10:29.205431Z[0m [32m INFO[0m [1;32mrch::hook::transfer_orchestration[0m[32m: [32mExecuting command remotely: cargo run -q -p fnx-conformance --bin run_smoke -- --fixture generated/readwrite_hardened_malformed.json --mode hardened[0m
    [2;3mat[0m rch/src/hook/transfer_orchestration.rs:529 [2;3mon[0m ThreadId(1)

  [2m2026-06-21T05:10:29.205478Z[0m [32m INFO[0m [1;32mrch::transfer[0m[32m: [32mRewriting CARGO_TARGET_DIR for remote execution (worker-scoped path): /data/tmp/cargo-target -> /data/projects/.scratch/franken_networkx-release-v020/.rch-target-hz1-pool-a42b6534dc4ceab31971715629ed481d[0m
    [2;3mat[0m rch/src/transfer.rs:799 [2;3mon[0m ThreadId(1)

suite=smoke fixtures=1 mismatches=0 oracle_present=true structured_logs=1
  [2m2026-06-21T05:10:51.105157Z[0m [32m INFO[0m [1;32mrch::hook::transfer_orchestration[0m[32m: [32mRemote command finished: exit=0 in 21899ms[0m
    [2;3mat[0m rch/src/hook/transfer_orchestration.rs:653 [2;3mon[0m ThreadId(1)

  [2m2026-06-21T05:10:51.105385Z[0m [32m INFO[0m [1;32mrch::hook::transfer_orchestration[0m[32m: [32mRetrieving build artifacts...[0m
    [2;3mat[0m rch/src/hook/transfer_orchestration.rs:702 [2;3mon[0m ThreadId(1)

  [2m2026-06-21T05:10:51.105396Z[0m [32m INFO[0m [1;32mrch::transfer[0m[32m: [32mRetrieving artifacts from /data/projects/.scratch/franken_networkx-release-v020 on hz1[0m
    [2;3mat[0m rch/src/transfer.rs:2246 [2;3mon[0m ThreadId(1)

  [2m2026-06-21T05:10:51.680188Z[0m [32m INFO[0m [1;32mrch::transfer[0m[32m: [32mArtifacts retrieved in 574ms (1 files, 1008 bytes)[0m
    [2;3mat[0m rch/src/transfer.rs:2301 [2;3mon[0m ThreadId(1)

  [2m2026-06-21T05:10:51.680210Z[0m [32m INFO[0m [1;32mrch::hook::transfer_orchestration[0m[32m: [32mArtifacts retrieved: 1 files, 1008 bytes in 574ms[0m
    [2;3mat[0m rch/src/hook/transfer_orchestration.rs:735 [2;3mon[0m ThreadId(1)

  [2m2026-06-21T05:10:51.680308Z[0m [32m INFO[0m [1;32mrch::transfer[0m[32m: [32mRetrieving artifacts from /data/projects/.scratch/franken_networkx-release-v020/.rch-target-hz1-pool-a42b6534dc4ceab31971715629ed481d on hz1[0m
    [2;3mat[0m rch/src/transfer.rs:2246 [2;3mon[0m ThreadId(1)

  [2m2026-06-21T05:10:56.095053Z[0m [32m INFO[0m [1;32mrch::transfer[0m[32m: [32mArtifacts retrieved in 4414ms (109 files, 2467 bytes)[0m
    [2;3mat[0m rch/src/transfer.rs:2301 [2;3mon[0m ThreadId(1)

  [2m2026-06-21T05:10:56.095085Z[0m [32m INFO[0m [1;32mrch::hook::transfer_orchestration[0m[32m: [32mCustom CARGO_TARGET_DIR artifacts retrieved: 109 files, 2467 bytes in 4414ms[0m
    [2;3mat[0m rch/src/hook/transfer_orchestration.rs:859 [2;3mon[0m ThreadId(1)

[RCH] remote hz1 (37.5s)


### cycle 02/04
start_unix_ms=1782018656097
end_unix_ms=1782018698737
duration_ms=42640
return_code=0
attempt_count=1

--- attempt 01/03
attempt_start_unix_ms=1782018656097
attempt_end_unix_ms=1782018698737
attempt_duration_ms=42640
return_code=0
retryable_rch_artifact_retrieval_failure=false
will_retry=false


  [2m2026-06-21T05:10:56.116253Z[0m [32m INFO[0m [1;32mrch::hook[0m[32m: [32mSelected worker: hz1 at root@87.99.133.171 (2 slots remaining after reservation, speed 50.0)[0m
    [2;3mat[0m rch/src/hook.rs:921 [2;3mon[0m ThreadId(1)

  [2m2026-06-21T05:10:56.324953Z[0m [32m INFO[0m [1;32mrch::hook::transfer_orchestration[0m[32m: [32mStarting remote compilation pipeline for franken_networkx-release-v020 (hash: f2d070a9d6bee224)[0m
    [2;3mat[0m rch/src/hook/transfer_orchestration.rs:241 [2;3mon[0m ThreadId(1)

  [2m2026-06-21T05:10:56.324986Z[0m [32m INFO[0m [1;32mrch::hook::transfer_orchestration[0m[32m: [32mPrepared dependency sync manifest for 13 roots[0m
    [2;3mat[0m rch/src/hook/transfer_orchestration.rs:263 [2;3mon[0m ThreadId(1)

  [2m2026-06-21T05:10:58.615278Z[0m [32m INFO[0m [1;32mrch::hook::transfer_orchestration[0m[32m: [32mSyncing project to worker hz1...[0m
    [2;3mat[0m rch/src/hook/transfer_orchestration.rs:323 [2;3mon[0m ThreadId(1)

  [2m2026-06-21T05:10:58.615332Z[0m [32m INFO[0m [1;32mrch::transfer[0m[32m: [32mSyncing /data/projects/.scratch/franken_networkx-release-v020 -> /data/projects/.scratch/franken_networkx-release-v020 on hz1[0m
    [2;3mat[0m rch/src/transfer.rs:1528 [2;3mon[0m ThreadId(1)

  [2m2026-06-21T05:11:01.196193Z[0m [32m INFO[0m [1;32mrch::transfer[0m[32m: [32mSync completed in 2580ms[0m
    [2;3mat[0m rch/src/transfer.rs:1592 [2;3mon[0m ThreadId(1)

  [2m2026-06-21T05:11:01.196259Z[0m [32m INFO[0m [1;32mrch::transfer[0m[32m: [32mSyncing /data/projects/.scratch/franken_networkx-release-v020/crates/fnx-algorithms -> /data/projects/.scratch/franken_networkx-release-v020/crates/fnx-algorithms on hz1[0m
    [2;3mat[0m rch/src/transfer.rs:1528 [2;3mon[0m ThreadId(1)

  [2m2026-06-21T05:11:01.685796Z[0m [32m INFO[0m [1;32mrch::transfer[0m[32m: [32mSync completed in 489ms[0m
    [2;3mat[0m rch/src/transfer.rs:1592 [2;3mon[0m ThreadId(1)

  [2m2026-06-21T05:11:01.685882Z[0m [32m INFO[0m [1;32mrch::transfer[0m[32m: [32mSyncing /data/projects/.scratch/franken_networkx-release-v020/crates/fnx-cgse -> /data/projects/.scratch/franken_networkx-release-v020/crates/fnx-cgse on hz1[0m
    [2;3mat[0m rch/src/transfer.rs:1528 [2;3mon[0m ThreadId(1)

  [2m2026-06-21T05:11:02.166063Z[0m [32m INFO[0m [1;32mrch::transfer[0m[32m: [32mSync completed in 480ms[0m
    [2;3mat[0m rch/src/transfer.rs:1592 [2;3mon[0m ThreadId(1)

  [2m2026-06-21T05:11:02.166134Z[0m [32m INFO[0m [1;32mrch::transfer[0m[32m: [32mSyncing /data/projects/.scratch/franken_networkx-release-v020/crates/fnx-classes -> /data/projects/.scratch/franken_networkx-release-v020/crates/fnx-classes on hz1[0m
    [2;3mat[0m rch/src/transfer.rs:1528 [2;3mon[0m ThreadId(1)

  [2m2026-06-21T05:11:02.628721Z[0m [32m INFO[0m [1;32mrch::transfer[0m[32m: [32mSync completed in 462ms[0m
    [2;3mat[0m rch/src/transfer.rs:1592 [2;3mon[0m ThreadId(1)

  [2m2026-06-21T05:11:02.628799Z[0m [32m INFO[0m [1;32mrch::transfer[0m[32m: [32mSyncing /data/projects/.scratch/franken_networkx-release-v020/crates/fnx-conformance -> /data/projects/.scratch/franken_networkx-release-v020/crates/fnx-conformance on hz1[0m
    [2;3mat[0m rch/src/transfer.rs:1528 [2;3mon[0m ThreadId(1)

  [2m2026-06-21T05:11:03.116031Z[0m [32m INFO[0m [1;32mrch::transfer[0m[32m: [32mSync completed in 487ms[0m
    [2;3mat[0m rch/src/transfer.rs:1592 [2;3mon[0m ThreadId(1)

  [2m2026-06-21T05:11:03.116099Z[0m [32m INFO[0m [1;32mrch::transfer[0m[32m: [32mSyncing /data/projects/.scratch/franken_networkx-release-v020/crates/fnx-convert -> /data/projects/.scratch/franken_networkx-release-v020/crates/fnx-convert on hz1[0m
    [2;3mat[0m rch/src/transfer.rs:1528 [2;3mon[0m ThreadId(1)

  [2m2026-06-21T05:11:03.603619Z[0m [32m INFO[0m [1;32mrch::transfer[0m[32m: [32mSync completed in 487ms[0m
    [2;3mat[0m rch/src/transfer.rs:1592 [2;3mon[0m ThreadId(1)

  [2m2026-06-21T05:11:03.603686Z[0m [32m INFO[0m [1;32mrch::transfer[0m[32m: [32mSyncing /data/projects/.scratch/franken_networkx-release-v020/crates/fnx-dispatch -> /data/projects/.scratch/franken_networkx-release-v020/crates/fnx-dispatch on hz1[0m
    [2;3mat[0m rch/src/transfer.rs:1528 [2;3mon[0m ThreadId(1)

  [2m2026-06-21T05:11:04.086808Z[0m [32m INFO[0m [1;32mrch::transfer[0m[32m: [32mSync completed in 483ms[0m
    [2;3mat[0m rch/src/transfer.rs:1592 [2;3mon[0m ThreadId(1)

  [2m2026-06-21T05:11:04.086886Z[0m [32m INFO[0m [1;32mrch::transfer[0m[32m: [32mSyncing /data/projects/.scratch/franken_networkx-release-v020/crates/fnx-durability -> /data/projects/.scratch/franken_networkx-release-v020/crates/fnx-durability on hz1[0m
    [2;3mat[0m rch/src/transfer.rs:1528 [2;3mon[0m ThreadId(1)

  [2m2026-06-21T05:11:04.564385Z[0m [32m INFO[0m [1;32mrch::transfer[0m[32m: [32mSync completed in 477ms[0m
    [2;3mat[0m rch/src/transfer.rs:1592 [2;3mon[0m ThreadId(1)

  [2m2026-06-21T05:11:04.564454Z[0m [32m INFO[0m [1;32mrch::transfer[0m[32m: [32mSyncing /data/projects/.scratch/franken_networkx-release-v020/crates/fnx-generators -> /data/projects/.scratch/franken_networkx-release-v020/crates/fnx-generators on hz1[0m
    [2;3mat[0m rch/src/transfer.rs:1528 [2;3mon[0m ThreadId(1)

  [2m2026-06-21T05:11:05.021618Z[0m [32m INFO[0m [1;32mrch::transfer[0m[32m: [32mSync completed in 457ms[0m
    [2;3mat[0m rch/src/transfer.rs:1592 [2;3mon[0m ThreadId(1)

  [2m2026-06-21T05:11:05.021678Z[0m [32m INFO[0m [1;32mrch::transfer[0m[32m: [32mSyncing /data/projects/.scratch/franken_networkx-release-v020/crates/fnx-python -> /data/projects/.scratch/franken_networkx-release-v020/crates/fnx-python on hz1[0m
    [2;3mat[0m rch/src/transfer.rs:1528 [2;3mon[0m ThreadId(1)

  [2m2026-06-21T05:11:05.524283Z[0m [32m INFO[0m [1;32mrch::transfer[0m[32m: [32mSync completed in 502ms[0m
    [2;3mat[0m rch/src/transfer.rs:1592 [2;3mon[0m ThreadId(1)

  [2m2026-06-21T05:11:05.524345Z[0m [32m INFO[0m [1;32mrch::transfer[0m[32m: [32mSyncing /data/projects/.scratch/franken_networkx-release-v020/crates/fnx-readwrite -> /data/projects/.scratch/franken_networkx-release-v020/crates/fnx-readwrite on hz1[0m
    [2;3mat[0m rch/src/transfer.rs:1528 [2;3mon[0m ThreadId(1)

  [2m2026-06-21T05:11:06.019207Z[0m [32m INFO[0m [1;32mrch::transfer[0m[32m: [32mSync completed in 494ms[0m
    [2;3mat[0m rch/src/transfer.rs:1592 [2;3mon[0m ThreadId(1)

  [2m2026-06-21T05:11:06.019273Z[0m [32m INFO[0m [1;32mrch::transfer[0m[32m: [32mSyncing /data/projects/.scratch/franken_networkx-release-v020/crates/fnx-runtime -> /data/projects/.scratch/franken_networkx-release-v020/crates/fnx-runtime on hz1[0m
    [2;3mat[0m rch/src/transfer.rs:1528 [2;3mon[0m ThreadId(1)

  [2m2026-06-21T05:11:06.517807Z[0m [32m INFO[0m [1;32mrch::transfer[0m[32m: [32mSync completed in 498ms[0m
    [2;3mat[0m rch/src/transfer.rs:1592 [2;3mon[0m ThreadId(1)

  [2m2026-06-21T05:11:06.517877Z[0m [32m INFO[0m [1;32mrch::transfer[0m[32m: [32mSyncing /data/projects/.scratch/franken_networkx-release-v020/crates/fnx-views -> /data/projects/.scratch/franken_networkx-release-v020/crates/fnx-views on hz1[0m
    [2;3mat[0m rch/src/transfer.rs:1528 [2;3mon[0m ThreadId(1)

  [2m2026-06-21T05:11:07.040022Z[0m [32m INFO[0m [1;32mrch::transfer[0m[32m: [32mSync completed in 522ms[0m
    [2;3mat[0m rch/src/transfer.rs:1592 [2;3mon[0m ThreadId(1)

  [2m2026-06-21T05:11:07.040063Z[0m [32m INFO[0m [1;32mrch::hook::transfer_orchestration[0m[32m: [32mSync complete: 63745 files, 3292308 bytes in 8418ms[0m
    [2;3mat[0m rch/src/hook/transfer_orchestration.rs:486 [2;3mon[0m ThreadId(1)

  [2m2026-06-21T05:11:08.293132Z[0m [32m INFO[0m [1;32mrch::hook::transfer_orchestration[0m[32m: [32mExecuting command remotely: cargo run -q -p fnx-conformance --bin run_smoke -- --fixture generated/readwrite_hardened_malformed.json --mode hardened[0m
    [2;3mat[0m rch/src/hook/transfer_orchestration.rs:529 [2;3mon[0m ThreadId(1)

  [2m2026-06-21T05:11:08.293176Z[0m [32m INFO[0m [1;32mrch::transfer[0m[32m: [32mRewriting CARGO_TARGET_DIR for remote execution (worker-scoped path): /data/tmp/cargo-target -> /data/projects/.scratch/franken_networkx-release-v020/.rch-target-hz1-pool-a42b6534dc4ceab31971715629ed481d[0m
    [2;3mat[0m rch/src/transfer.rs:799 [2;3mon[0m ThreadId(1)

suite=smoke fixtures=1 mismatches=0 oracle_present=true structured_logs=1
  [2m2026-06-21T05:11:33.445222Z[0m [32m INFO[0m [1;32mrch::hook::transfer_orchestration[0m[32m: [32mRemote command finished: exit=0 in 25151ms[0m
    [2;3mat[0m rch/src/hook/transfer_orchestration.rs:653 [2;3mon[0m ThreadId(1)

  [2m2026-06-21T05:11:33.445558Z[0m [32m INFO[0m [1;32mrch::hook::transfer_orchestration[0m[32m: [32mRetrieving build artifacts...[0m
    [2;3mat[0m rch/src/hook/transfer_orchestration.rs:702 [2;3mon[0m ThreadId(1)

  [2m2026-06-21T05:11:33.445573Z[0m [32m INFO[0m [1;32mrch::transfer[0m[32m: [32mRetrieving artifacts from /data/projects/.scratch/franken_networkx-release-v020 on hz1[0m
    [2;3mat[0m rch/src/transfer.rs:2246 [2;3mon[0m ThreadId(1)

  [2m2026-06-21T05:11:33.856470Z[0m [32m INFO[0m [1;32mrch::transfer[0m[32m: [32mArtifacts retrieved in 410ms (1 files, 1008 bytes)[0m
    [2;3mat[0m rch/src/transfer.rs:2301 [2;3mon[0m ThreadId(1)

  [2m2026-06-21T05:11:33.856492Z[0m [32m INFO[0m [1;32mrch::hook::transfer_orchestration[0m[32m: [32mArtifacts retrieved: 1 files, 1008 bytes in 410ms[0m
    [2;3mat[0m rch/src/hook/transfer_orchestration.rs:735 [2;3mon[0m ThreadId(1)

  [2m2026-06-21T05:11:33.856592Z[0m [32m INFO[0m [1;32mrch::transfer[0m[32m: [32mRetrieving artifacts from /data/projects/.scratch/franken_networkx-release-v020/.rch-target-hz1-pool-a42b6534dc4ceab31971715629ed481d on hz1[0m
    [2;3mat[0m rch/src/transfer.rs:2246 [2;3mon[0m ThreadId(1)

  [2m2026-06-21T05:11:38.735492Z[0m [32m INFO[0m [1;32mrch::transfer[0m[32m: [32mArtifacts retrieved in 4878ms (109 files, 756690 bytes)[0m
    [2;3mat[0m rch/src/transfer.rs:2301 [2;3mon[0m ThreadId(1)

  [2m2026-06-21T05:11:38.735514Z[0m [32m INFO[0m [1;32mrch::hook::transfer_orchestration[0m[32m: [32mCustom CARGO_TARGET_DIR artifacts retrieved: 109 files, 756690 bytes in 4878ms[0m
    [2;3mat[0m rch/src/hook/transfer_orchestration.rs:859 [2;3mon[0m ThreadId(1)

[RCH] remote hz1 (42.6s)


### cycle 03/04
start_unix_ms=1782018698737
end_unix_ms=1782018775336
duration_ms=76599
return_code=0
attempt_count=1

--- attempt 01/03
attempt_start_unix_ms=1782018698737
attempt_end_unix_ms=1782018775336
attempt_duration_ms=76599
return_code=0
retryable_rch_artifact_retrieval_failure=false
will_retry=false


  [2m2026-06-21T05:11:52.240750Z[0m [32m INFO[0m [1;32mrch::hook[0m[32m: [32mSelected worker: hz2 at root@178.104.77.29 (4 slots remaining after reservation, speed 50.0)[0m
    [2;3mat[0m rch/src/hook.rs:921 [2;3mon[0m ThreadId(1)

  [2m2026-06-21T05:11:52.501712Z[0m [32m INFO[0m [1;32mrch::hook::transfer_orchestration[0m[32m: [32mStarting remote compilation pipeline for franken_networkx-release-v020 (hash: f2d070a9d6bee224)[0m
    [2;3mat[0m rch/src/hook/transfer_orchestration.rs:241 [2;3mon[0m ThreadId(1)

  [2m2026-06-21T05:11:52.501748Z[0m [32m INFO[0m [1;32mrch::hook::transfer_orchestration[0m[32m: [32mPrepared dependency sync manifest for 13 roots[0m
    [2;3mat[0m rch/src/hook/transfer_orchestration.rs:263 [2;3mon[0m ThreadId(1)

  [2m2026-06-21T05:11:55.548795Z[0m [32m INFO[0m [1;32mrch::hook::transfer_orchestration[0m[32m: [32mSyncing project to worker hz2...[0m
    [2;3mat[0m rch/src/hook/transfer_orchestration.rs:323 [2;3mon[0m ThreadId(1)

  [2m2026-06-21T05:11:55.548853Z[0m [32m INFO[0m [1;32mrch::transfer[0m[32m: [32mSyncing /data/projects/.scratch/franken_networkx-release-v020 -> /data/projects/.scratch/franken_networkx-release-v020 on hz2[0m
    [2;3mat[0m rch/src/transfer.rs:1528 [2;3mon[0m ThreadId(1)

  [2m2026-06-21T05:12:02.589701Z[0m [32m INFO[0m [1;32mrch::transfer[0m[32m: [32mSync completed in 7040ms[0m
    [2;3mat[0m rch/src/transfer.rs:1592 [2;3mon[0m ThreadId(1)

  [2m2026-06-21T05:12:02.589769Z[0m [32m INFO[0m [1;32mrch::transfer[0m[32m: [32mSyncing /data/projects/.scratch/franken_networkx-release-v020/crates/fnx-algorithms -> /data/projects/.scratch/franken_networkx-release-v020/crates/fnx-algorithms on hz2[0m
    [2;3mat[0m rch/src/transfer.rs:1528 [2;3mon[0m ThreadId(1)

  [2m2026-06-21T05:12:04.467855Z[0m [32m INFO[0m [1;32mrch::transfer[0m[32m: [32mSync completed in 1878ms[0m
    [2;3mat[0m rch/src/transfer.rs:1592 [2;3mon[0m ThreadId(1)

  [2m2026-06-21T05:12:04.467924Z[0m [32m INFO[0m [1;32mrch::transfer[0m[32m: [32mSyncing /data/projects/.scratch/franken_networkx-release-v020/crates/fnx-cgse -> /data/projects/.scratch/franken_networkx-release-v020/crates/fnx-cgse on hz2[0m
    [2;3mat[0m rch/src/transfer.rs:1528 [2;3mon[0m ThreadId(1)

  [2m2026-06-21T05:12:06.307342Z[0m [32m INFO[0m [1;32mrch::transfer[0m[32m: [32mSync completed in 1839ms[0m
    [2;3mat[0m rch/src/transfer.rs:1592 [2;3mon[0m ThreadId(1)

  [2m2026-06-21T05:12:06.307405Z[0m [32m INFO[0m [1;32mrch::transfer[0m[32m: [32mSyncing /data/projects/.scratch/franken_networkx-release-v020/crates/fnx-classes -> /data/projects/.scratch/franken_networkx-release-v020/crates/fnx-classes on hz2[0m
    [2;3mat[0m rch/src/transfer.rs:1528 [2;3mon[0m ThreadId(1)

  [2m2026-06-21T05:12:08.232554Z[0m [32m INFO[0m [1;32mrch::transfer[0m[32m: [32mSync completed in 1925ms[0m
    [2;3mat[0m rch/src/transfer.rs:1592 [2;3mon[0m ThreadId(1)

  [2m2026-06-21T05:12:08.232635Z[0m [32m INFO[0m [1;32mrch::transfer[0m[32m: [32mSyncing /data/projects/.scratch/franken_networkx-release-v020/crates/fnx-conformance -> /data/projects/.scratch/franken_networkx-release-v020/crates/fnx-conformance on hz2[0m
    [2;3mat[0m rch/src/transfer.rs:1528 [2;3mon[0m ThreadId(1)

  [2m2026-06-21T05:12:10.087725Z[0m [32m INFO[0m [1;32mrch::transfer[0m[32m: [32mSync completed in 1855ms[0m
    [2;3mat[0m rch/src/transfer.rs:1592 [2;3mon[0m ThreadId(1)

  [2m2026-06-21T05:12:10.087796Z[0m [32m INFO[0m [1;32mrch::transfer[0m[32m: [32mSyncing /data/projects/.scratch/franken_networkx-release-v020/crates/fnx-convert -> /data/projects/.scratch/franken_networkx-release-v020/crates/fnx-convert on hz2[0m
    [2;3mat[0m rch/src/transfer.rs:1528 [2;3mon[0m ThreadId(1)

  [2m2026-06-21T05:12:11.943498Z[0m [32m INFO[0m [1;32mrch::transfer[0m[32m: [32mSync completed in 1855ms[0m
    [2;3mat[0m rch/src/transfer.rs:1592 [2;3mon[0m ThreadId(1)

  [2m2026-06-21T05:12:11.943563Z[0m [32m INFO[0m [1;32mrch::transfer[0m[32m: [32mSyncing /data/projects/.scratch/franken_networkx-release-v020/crates/fnx-dispatch -> /data/projects/.scratch/franken_networkx-release-v020/crates/fnx-dispatch on hz2[0m
    [2;3mat[0m rch/src/transfer.rs:1528 [2;3mon[0m ThreadId(1)

  [2m2026-06-21T05:12:13.865495Z[0m [32m INFO[0m [1;32mrch::transfer[0m[32m: [32mSync completed in 1921ms[0m
    [2;3mat[0m rch/src/transfer.rs:1592 [2;3mon[0m ThreadId(1)

  [2m2026-06-21T05:12:13.865563Z[0m [32m INFO[0m [1;32mrch::transfer[0m[32m: [32mSyncing /data/projects/.scratch/franken_networkx-release-v020/crates/fnx-durability -> /data/projects/.scratch/franken_networkx-release-v020/crates/fnx-durability on hz2[0m
    [2;3mat[0m rch/src/transfer.rs:1528 [2;3mon[0m ThreadId(1)

  [2m2026-06-21T05:12:15.781218Z[0m [32m INFO[0m [1;32mrch::transfer[0m[32m: [32mSync completed in 1915ms[0m
    [2;3mat[0m rch/src/transfer.rs:1592 [2;3mon[0m ThreadId(1)

  [2m2026-06-21T05:12:15.781294Z[0m [32m INFO[0m [1;32mrch::transfer[0m[32m: [32mSyncing /data/projects/.scratch/franken_networkx-release-v020/crates/fnx-generators -> /data/projects/.scratch/franken_networkx-release-v020/crates/fnx-generators on hz2[0m
    [2;3mat[0m rch/src/transfer.rs:1528 [2;3mon[0m ThreadId(1)

  [2m2026-06-21T05:12:17.651829Z[0m [32m INFO[0m [1;32mrch::transfer[0m[32m: [32mSync completed in 1870ms[0m
    [2;3mat[0m rch/src/transfer.rs:1592 [2;3mon[0m ThreadId(1)

  [2m2026-06-21T05:12:17.651921Z[0m [32m INFO[0m [1;32mrch::transfer[0m[32m: [32mSyncing /data/projects/.scratch/franken_networkx-release-v020/crates/fnx-python -> /data/projects/.scratch/franken_networkx-release-v020/crates/fnx-python on hz2[0m
    [2;3mat[0m rch/src/transfer.rs:1528 [2;3mon[0m ThreadId(1)

  [2m2026-06-21T05:12:19.520876Z[0m [32m INFO[0m [1;32mrch::transfer[0m[32m: [32mSync completed in 1868ms[0m
    [2;3mat[0m rch/src/transfer.rs:1592 [2;3mon[0m ThreadId(1)

  [2m2026-06-21T05:12:19.520958Z[0m [32m INFO[0m [1;32mrch::transfer[0m[32m: [32mSyncing /data/projects/.scratch/franken_networkx-release-v020/crates/fnx-readwrite -> /data/projects/.scratch/franken_networkx-release-v020/crates/fnx-readwrite on hz2[0m
    [2;3mat[0m rch/src/transfer.rs:1528 [2;3mon[0m ThreadId(1)

  [2m2026-06-21T05:12:21.489166Z[0m [32m INFO[0m [1;32mrch::transfer[0m[32m: [32mSync completed in 1968ms[0m
    [2;3mat[0m rch/src/transfer.rs:1592 [2;3mon[0m ThreadId(1)

  [2m2026-06-21T05:12:21.489229Z[0m [32m INFO[0m [1;32mrch::transfer[0m[32m: [32mSyncing /data/projects/.scratch/franken_networkx-release-v020/crates/fnx-runtime -> /data/projects/.scratch/franken_networkx-release-v020/crates/fnx-runtime on hz2[0m
    [2;3mat[0m rch/src/transfer.rs:1528 [2;3mon[0m ThreadId(1)

  [2m2026-06-21T05:12:23.443432Z[0m [32m INFO[0m [1;32mrch::transfer[0m[32m: [32mSync completed in 1954ms[0m
    [2;3mat[0m rch/src/transfer.rs:1592 [2;3mon[0m ThreadId(1)

  [2m2026-06-21T05:12:23.443508Z[0m [32m INFO[0m [1;32mrch::transfer[0m[32m: [32mSyncing /data/projects/.scratch/franken_networkx-release-v020/crates/fnx-views -> /data/projects/.scratch/franken_networkx-release-v020/crates/fnx-views on hz2[0m
    [2;3mat[0m rch/src/transfer.rs:1528 [2;3mon[0m ThreadId(1)

  [2m2026-06-21T05:12:25.296926Z[0m [32m INFO[0m [1;32mrch::transfer[0m[32m: [32mSync completed in 1853ms[0m
    [2;3mat[0m rch/src/transfer.rs:1592 [2;3mon[0m ThreadId(1)

  [2m2026-06-21T05:12:25.296975Z[0m [32m INFO[0m [1;32mrch::hook::transfer_orchestration[0m[32m: [32mSync complete: 63745 files, 3297086 bytes in 29741ms[0m
    [2;3mat[0m rch/src/hook/transfer_orchestration.rs:486 [2;3mon[0m ThreadId(1)

  [2m2026-06-21T05:12:29.355319Z[0m [32m INFO[0m [1;32mrch::hook::transfer_orchestration[0m[32m: [32mExecuting command remotely: cargo run -q -p fnx-conformance --bin run_smoke -- --fixture generated/readwrite_hardened_malformed.json --mode hardened[0m
    [2;3mat[0m rch/src/hook/transfer_orchestration.rs:529 [2;3mon[0m ThreadId(1)

  [2m2026-06-21T05:12:29.355362Z[0m [32m INFO[0m [1;32mrch::transfer[0m[32m: [32mRewriting CARGO_TARGET_DIR for remote execution (worker-scoped path): /data/tmp/cargo-target -> /data/projects/.scratch/franken_networkx-release-v020/.rch-target-hz2-pool-a42b6534dc4ceab31971715629ed481d[0m
    [2;3mat[0m rch/src/transfer.rs:799 [2;3mon[0m ThreadId(1)

suite=smoke fixtures=1 mismatches=0 oracle_present=true structured_logs=1
  [2m2026-06-21T05:12:44.908718Z[0m [32m INFO[0m [1;32mrch::hook::transfer_orchestration[0m[32m: [32mRemote command finished: exit=0 in 15553ms[0m
    [2;3mat[0m rch/src/hook/transfer_orchestration.rs:653 [2;3mon[0m ThreadId(1)

  [2m2026-06-21T05:12:44.909045Z[0m [32m INFO[0m [1;32mrch::hook::transfer_orchestration[0m[32m: [32mRetrieving build artifacts...[0m
    [2;3mat[0m rch/src/hook/transfer_orchestration.rs:702 [2;3mon[0m ThreadId(1)

  [2m2026-06-21T05:12:44.909060Z[0m [32m INFO[0m [1;32mrch::transfer[0m[32m: [32mRetrieving artifacts from /data/projects/.scratch/franken_networkx-release-v020 on hz2[0m
    [2;3mat[0m rch/src/transfer.rs:2246 [2;3mon[0m ThreadId(1)

  [2m2026-06-21T05:12:46.870209Z[0m [32m INFO[0m [1;32mrch::transfer[0m[32m: [32mArtifacts retrieved in 1961ms (1 files, 1008 bytes)[0m
    [2;3mat[0m rch/src/transfer.rs:2301 [2;3mon[0m ThreadId(1)

  [2m2026-06-21T05:12:46.870231Z[0m [32m INFO[0m [1;32mrch::hook::transfer_orchestration[0m[32m: [32mArtifacts retrieved: 1 files, 1008 bytes in 1961ms[0m
    [2;3mat[0m rch/src/hook/transfer_orchestration.rs:735 [2;3mon[0m ThreadId(1)

  [2m2026-06-21T05:12:46.870340Z[0m [32m INFO[0m [1;32mrch::transfer[0m[32m: [32mRetrieving artifacts from /data/projects/.scratch/franken_networkx-release-v020/.rch-target-hz2-pool-a42b6534dc4ceab31971715629ed481d on hz2[0m
    [2;3mat[0m rch/src/transfer.rs:2246 [2;3mon[0m ThreadId(1)

  [2m2026-06-21T05:12:55.334233Z[0m [32m INFO[0m [1;32mrch::transfer[0m[32m: [32mArtifacts retrieved in 8463ms (109 files, 863480 bytes)[0m
    [2;3mat[0m rch/src/transfer.rs:2301 [2;3mon[0m ThreadId(1)

  [2m2026-06-21T05:12:55.334256Z[0m [32m INFO[0m [1;32mrch::hook::transfer_orchestration[0m[32m: [32mCustom CARGO_TARGET_DIR artifacts retrieved: 109 files, 863480 bytes in 8463ms[0m
    [2;3mat[0m rch/src/hook/transfer_orchestration.rs:859 [2;3mon[0m ThreadId(1)

[RCH] remote hz2 (63.1s)


### cycle 04/04
start_unix_ms=1782018775336
end_unix_ms=1782018809494
duration_ms=34158
return_code=0
attempt_count=1

--- attempt 01/03
attempt_start_unix_ms=1782018775336
attempt_end_unix_ms=1782018809494
attempt_duration_ms=34158
return_code=0
retryable_rch_artifact_retrieval_failure=false
will_retry=false


  [2m2026-06-21T05:12:55.358279Z[0m [32m INFO[0m [1;32mrch::hook[0m[32m: [32mSelected worker: hz1 at root@87.99.133.171 (2 slots remaining after reservation, speed 50.0)[0m
    [2;3mat[0m rch/src/hook.rs:921 [2;3mon[0m ThreadId(1)

  [2m2026-06-21T05:12:55.618348Z[0m [32m INFO[0m [1;32mrch::hook::transfer_orchestration[0m[32m: [32mStarting remote compilation pipeline for franken_networkx-release-v020 (hash: f2d070a9d6bee224)[0m
    [2;3mat[0m rch/src/hook/transfer_orchestration.rs:241 [2;3mon[0m ThreadId(1)

  [2m2026-06-21T05:12:55.618406Z[0m [32m INFO[0m [1;32mrch::hook::transfer_orchestration[0m[32m: [32mPrepared dependency sync manifest for 13 roots[0m
    [2;3mat[0m rch/src/hook/transfer_orchestration.rs:263 [2;3mon[0m ThreadId(1)

  [2m2026-06-21T05:12:57.738187Z[0m [32m INFO[0m [1;32mrch::hook::transfer_orchestration[0m[32m: [32mSyncing project to worker hz1...[0m
    [2;3mat[0m rch/src/hook/transfer_orchestration.rs:323 [2;3mon[0m ThreadId(1)

  [2m2026-06-21T05:12:57.738231Z[0m [32m INFO[0m [1;32mrch::transfer[0m[32m: [32mSyncing /data/projects/.scratch/franken_networkx-release-v020 -> /data/projects/.scratch/franken_networkx-release-v020 on hz1[0m
    [2;3mat[0m rch/src/transfer.rs:1528 [2;3mon[0m ThreadId(1)

  [2m2026-06-21T05:12:59.776308Z[0m [32m INFO[0m [1;32mrch::transfer[0m[32m: [32mSync completed in 2038ms[0m
    [2;3mat[0m rch/src/transfer.rs:1592 [2;3mon[0m ThreadId(1)

  [2m2026-06-21T05:12:59.776370Z[0m [32m INFO[0m [1;32mrch::transfer[0m[32m: [32mSyncing /data/projects/.scratch/franken_networkx-release-v020/crates/fnx-algorithms -> /data/projects/.scratch/franken_networkx-release-v020/crates/fnx-algorithms on hz1[0m
    [2;3mat[0m rch/src/transfer.rs:1528 [2;3mon[0m ThreadId(1)

  [2m2026-06-21T05:13:00.201538Z[0m [32m INFO[0m [1;32mrch::transfer[0m[32m: [32mSync completed in 425ms[0m
    [2;3mat[0m rch/src/transfer.rs:1592 [2;3mon[0m ThreadId(1)

  [2m2026-06-21T05:13:00.201613Z[0m [32m INFO[0m [1;32mrch::transfer[0m[32m: [32mSyncing /data/projects/.scratch/franken_networkx-release-v020/crates/fnx-cgse -> /data/projects/.scratch/franken_networkx-release-v020/crates/fnx-cgse on hz1[0m
    [2;3mat[0m rch/src/transfer.rs:1528 [2;3mon[0m ThreadId(1)

  [2m2026-06-21T05:13:00.635363Z[0m [32m INFO[0m [1;32mrch::transfer[0m[32m: [32mSync completed in 433ms[0m
    [2;3mat[0m rch/src/transfer.rs:1592 [2;3mon[0m ThreadId(1)

  [2m2026-06-21T05:13:00.635422Z[0m [32m INFO[0m [1;32mrch::transfer[0m[32m: [32mSyncing /data/projects/.scratch/franken_networkx-release-v020/crates/fnx-classes -> /data/projects/.scratch/franken_networkx-release-v020/crates/fnx-classes on hz1[0m
    [2;3mat[0m rch/src/transfer.rs:1528 [2;3mon[0m ThreadId(1)

  [2m2026-06-21T05:13:01.037255Z[0m [32m INFO[0m [1;32mrch::transfer[0m[32m: [32mSync completed in 401ms[0m
    [2;3mat[0m rch/src/transfer.rs:1592 [2;3mon[0m ThreadId(1)

  [2m2026-06-21T05:13:01.037325Z[0m [32m INFO[0m [1;32mrch::transfer[0m[32m: [32mSyncing /data/projects/.scratch/franken_networkx-release-v020/crates/fnx-conformance -> /data/projects/.scratch/franken_networkx-release-v020/crates/fnx-conformance on hz1[0m
    [2;3mat[0m rch/src/transfer.rs:1528 [2;3mon[0m ThreadId(1)

  [2m2026-06-21T05:13:01.449200Z[0m [32m INFO[0m [1;32mrch::transfer[0m[32m: [32mSync completed in 411ms[0m
    [2;3mat[0m rch/src/transfer.rs:1592 [2;3mon[0m ThreadId(1)

  [2m2026-06-21T05:13:01.449269Z[0m [32m INFO[0m [1;32mrch::transfer[0m[32m: [32mSyncing /data/projects/.scratch/franken_networkx-release-v020/crates/fnx-convert -> /data/projects/.scratch/franken_networkx-release-v020/crates/fnx-convert on hz1[0m
    [2;3mat[0m rch/src/transfer.rs:1528 [2;3mon[0m ThreadId(1)

  [2m2026-06-21T05:13:01.858227Z[0m [32m INFO[0m [1;32mrch::transfer[0m[32m: [32mSync completed in 408ms[0m
    [2;3mat[0m rch/src/transfer.rs:1592 [2;3mon[0m ThreadId(1)

  [2m2026-06-21T05:13:01.858294Z[0m [32m INFO[0m [1;32mrch::transfer[0m[32m: [32mSyncing /data/projects/.scratch/franken_networkx-release-v020/crates/fnx-dispatch -> /data/projects/.scratch/franken_networkx-release-v020/crates/fnx-dispatch on hz1[0m
    [2;3mat[0m rch/src/transfer.rs:1528 [2;3mon[0m ThreadId(1)

  [2m2026-06-21T05:13:02.274511Z[0m [32m INFO[0m [1;32mrch::transfer[0m[32m: [32mSync completed in 416ms[0m
    [2;3mat[0m rch/src/transfer.rs:1592 [2;3mon[0m ThreadId(1)

  [2m2026-06-21T05:13:02.274591Z[0m [32m INFO[0m [1;32mrch::transfer[0m[32m: [32mSyncing /data/projects/.scratch/franken_networkx-release-v020/crates/fnx-durability -> /data/projects/.scratch/franken_networkx-release-v020/crates/fnx-durability on hz1[0m
    [2;3mat[0m rch/src/transfer.rs:1528 [2;3mon[0m ThreadId(1)

  [2m2026-06-21T05:13:02.670752Z[0m [32m INFO[0m [1;32mrch::transfer[0m[32m: [32mSync completed in 396ms[0m
    [2;3mat[0m rch/src/transfer.rs:1592 [2;3mon[0m ThreadId(1)

  [2m2026-06-21T05:13:02.670846Z[0m [32m INFO[0m [1;32mrch::transfer[0m[32m: [32mSyncing /data/projects/.scratch/franken_networkx-release-v020/crates/fnx-generators -> /data/projects/.scratch/franken_networkx-release-v020/crates/fnx-generators on hz1[0m
    [2;3mat[0m rch/src/transfer.rs:1528 [2;3mon[0m ThreadId(1)

  [2m2026-06-21T05:13:03.118652Z[0m [32m INFO[0m [1;32mrch::transfer[0m[32m: [32mSync completed in 447ms[0m
    [2;3mat[0m rch/src/transfer.rs:1592 [2;3mon[0m ThreadId(1)

  [2m2026-06-21T05:13:03.118734Z[0m [32m INFO[0m [1;32mrch::transfer[0m[32m: [32mSyncing /data/projects/.scratch/franken_networkx-release-v020/crates/fnx-python -> /data/projects/.scratch/franken_networkx-release-v020/crates/fnx-python on hz1[0m
    [2;3mat[0m rch/src/transfer.rs:1528 [2;3mon[0m ThreadId(1)

  [2m2026-06-21T05:13:03.650789Z[0m [32m INFO[0m [1;32mrch::transfer[0m[32m: [32mSync completed in 532ms[0m
    [2;3mat[0m rch/src/transfer.rs:1592 [2;3mon[0m ThreadId(1)

  [2m2026-06-21T05:13:03.650852Z[0m [32m INFO[0m [1;32mrch::transfer[0m[32m: [32mSyncing /data/projects/.scratch/franken_networkx-release-v020/crates/fnx-readwrite -> /data/projects/.scratch/franken_networkx-release-v020/crates/fnx-readwrite on hz1[0m
    [2;3mat[0m rch/src/transfer.rs:1528 [2;3mon[0m ThreadId(1)

  [2m2026-06-21T05:13:04.091775Z[0m [32m INFO[0m [1;32mrch::transfer[0m[32m: [32mSync completed in 440ms[0m
    [2;3mat[0m rch/src/transfer.rs:1592 [2;3mon[0m ThreadId(1)

  [2m2026-06-21T05:13:04.091905Z[0m [32m INFO[0m [1;32mrch::transfer[0m[32m: [32mSyncing /data/projects/.scratch/franken_networkx-release-v020/crates/fnx-runtime -> /data/projects/.scratch/franken_networkx-release-v020/crates/fnx-runtime on hz1[0m
    [2;3mat[0m rch/src/transfer.rs:1528 [2;3mon[0m ThreadId(1)

  [2m2026-06-21T05:13:04.612557Z[0m [32m INFO[0m [1;32mrch::transfer[0m[32m: [32mSync completed in 520ms[0m
    [2;3mat[0m rch/src/transfer.rs:1592 [2;3mon[0m ThreadId(1)

  [2m2026-06-21T05:13:04.612641Z[0m [32m INFO[0m [1;32mrch::transfer[0m[32m: [32mSyncing /data/projects/.scratch/franken_networkx-release-v020/crates/fnx-views -> /data/projects/.scratch/franken_networkx-release-v020/crates/fnx-views on hz1[0m
    [2;3mat[0m rch/src/transfer.rs:1528 [2;3mon[0m ThreadId(1)

  [2m2026-06-21T05:13:05.078520Z[0m [32m INFO[0m [1;32mrch::transfer[0m[32m: [32mSync completed in 465ms[0m
    [2;3mat[0m rch/src/transfer.rs:1592 [2;3mon[0m ThreadId(1)

  [2m2026-06-21T05:13:05.078553Z[0m [32m INFO[0m [1;32mrch::hook::transfer_orchestration[0m[32m: [32mSync complete: 63745 files, 3292315 bytes in 7332ms[0m
    [2;3mat[0m rch/src/hook/transfer_orchestration.rs:486 [2;3mon[0m ThreadId(1)

  [2m2026-06-21T05:13:06.110512Z[0m [32m INFO[0m [1;32mrch::hook::transfer_orchestration[0m[32m: [32mExecuting command remotely: cargo run -q -p fnx-conformance --bin run_smoke -- --fixture generated/readwrite_hardened_malformed.json --mode hardened[0m
    [2;3mat[0m rch/src/hook/transfer_orchestration.rs:529 [2;3mon[0m ThreadId(1)

  [2m2026-06-21T05:13:06.110562Z[0m [32m INFO[0m [1;32mrch::transfer[0m[32m: [32mRewriting CARGO_TARGET_DIR for remote execution (worker-scoped path): /data/tmp/cargo-target -> /data/projects/.scratch/franken_networkx-release-v020/.rch-target-hz1-pool-a42b6534dc4ceab31971715629ed481d[0m
    [2;3mat[0m rch/src/transfer.rs:799 [2;3mon[0m ThreadId(1)

suite=smoke fixtures=1 mismatches=0 oracle_present=true structured_logs=1
  [2m2026-06-21T05:13:22.767021Z[0m [32m INFO[0m [1;32mrch::hook::transfer_orchestration[0m[32m: [32mRemote command finished: exit=0 in 16656ms[0m
    [2;3mat[0m rch/src/hook/transfer_orchestration.rs:653 [2;3mon[0m ThreadId(1)

  [2m2026-06-21T05:13:22.767278Z[0m [32m INFO[0m [1;32mrch::hook::transfer_orchestration[0m[32m: [32mRetrieving build artifacts...[0m
    [2;3mat[0m rch/src/hook/transfer_orchestration.rs:702 [2;3mon[0m ThreadId(1)

  [2m2026-06-21T05:13:22.767290Z[0m [32m INFO[0m [1;32mrch::transfer[0m[32m: [32mRetrieving artifacts from /data/projects/.scratch/franken_networkx-release-v020 on hz1[0m
    [2;3mat[0m rch/src/transfer.rs:2246 [2;3mon[0m ThreadId(1)

  [2m2026-06-21T05:13:23.146417Z[0m [32m INFO[0m [1;32mrch::transfer[0m[32m: [32mArtifacts retrieved in 379ms (1 files, 1008 bytes)[0m
    [2;3mat[0m rch/src/transfer.rs:2301 [2;3mon[0m ThreadId(1)

  [2m2026-06-21T05:13:23.146437Z[0m [32m INFO[0m [1;32mrch::hook::transfer_orchestration[0m[32m: [32mArtifacts retrieved: 1 files, 1008 bytes in 379ms[0m
    [2;3mat[0m rch/src/hook/transfer_orchestration.rs:735 [2;3mon[0m ThreadId(1)

  [2m2026-06-21T05:13:23.146538Z[0m [32m INFO[0m [1;32mrch::transfer[0m[32m: [32mRetrieving artifacts from /data/projects/.scratch/franken_networkx-release-v020/.rch-target-hz1-pool-a42b6534dc4ceab31971715629ed481d on hz1[0m
    [2;3mat[0m rch/src/transfer.rs:2246 [2;3mon[0m ThreadId(1)

  [2m2026-06-21T05:13:29.492520Z[0m [32m INFO[0m [1;32mrch::transfer[0m[32m: [32mArtifacts retrieved in 6345ms (109 files, 863369 bytes)[0m
    [2;3mat[0m rch/src/transfer.rs:2301 [2;3mon[0m ThreadId(1)

  [2m2026-06-21T05:13:29.492541Z[0m [32m INFO[0m [1;32mrch::hook::transfer_orchestration[0m[32m: [32mCustom CARGO_TARGET_DIR artifacts retrieved: 109 files, 863369 bytes in 6345ms[0m
    [2;3mat[0m rch/src/hook/transfer_orchestration.rs:859 [2;3mon[0m ThreadId(1)

[RCH] remote hz1 (34.1s)


