  [2m2026-02-16T03:53:16.597757Z[0m [32m INFO[0m [1;32mrch::hook[0m[32m: [32mSelected worker: vmi1149989 at ubuntu@212.90.121.76 (0 slots, speed 50.0)[0m
    [2;3mat[0m rch/src/hook.rs:256 [2;3mon[0m ThreadId(1)

  [2m2026-02-16T03:53:16.597830Z[0m [32m INFO[0m [1;32mrch::hook[0m[32m: [32mStarting remote compilation pipeline for franken_networkx (hash: 166cc52d5d9b158c)[0m
    [2;3mat[0m rch/src/hook.rs:2299 [2;3mon[0m ThreadId(1)

  [2m2026-02-16T03:53:16.597840Z[0m [32m INFO[0m [1;32mrch::hook[0m[32m: [32mSyncing project to worker vmi1149989...[0m
    [2;3mat[0m rch/src/hook.rs:2335 [2;3mon[0m ThreadId(1)

  [2m2026-02-16T03:53:16.597859Z[0m [32m INFO[0m [1;32mrch::transfer[0m[32m: [32mSyncing /data/projects/franken_networkx -> /tmp/rch/franken_networkx/166cc52d5d9b158c on vmi1149989[0m
    [2;3mat[0m rch/src/transfer.rs:714 [2;3mon[0m ThreadId(1)

  [2m2026-02-16T03:53:18.914565Z[0m [32m INFO[0m [1;32mrch::transfer[0m[32m: [32mSync completed in 2316ms[0m
    [2;3mat[0m rch/src/transfer.rs:783 [2;3mon[0m ThreadId(1)

  [2m2026-02-16T03:53:18.914591Z[0m [32m INFO[0m [1;32mrch::hook[0m[32m: [32mSync complete: 0 files, 0 bytes in 2316ms[0m
    [2;3mat[0m rch/src/hook.rs:2354 [2;3mon[0m ThreadId(1)

  [2m2026-02-16T03:53:18.914603Z[0m [32m INFO[0m [1;32mrch::hook[0m[32m: [32mExecuting command remotely: cargo run -q -p fnx-conformance --bin run_smoke -- --fixture generated/readwrite_hardened_malformed.json --mode hardened[0m
    [2;3mat[0m rch/src/hook.rs:2370 [2;3mon[0m ThreadId(1)

  [2m2026-02-16T03:53:18.914614Z[0m [32m INFO[0m [1;32mrch::transfer[0m[32m: [32mWrapping command with external timeout protection, [1;32mkind[0m[32m: cargo build, [1;32mtimeout_secs[0m[32m: 300[0m
    [2;3mat[0m rch/src/transfer.rs:476 [2;3mon[0m ThreadId(1)

  [2m2026-02-16T03:53:19.920191Z[0m [32m INFO[0m [1;32mrch_common::ssh[0m[32m: [32mConnected to vmi1149989 (212.90.121.76)[0m
    [2;3mat[0m rch-common/src/ssh.rs:239 [2;3mon[0m ThreadId(1)

suite=smoke fixtures=1 mismatches=0 oracle_present=true structured_logs=1
  [2m2026-02-16T03:53:20.715124Z[0m [32m INFO[0m [1;32mrch_common::ssh[0m[32m: [32mDisconnected from vmi1149989[0m
    [2;3mat[0m rch-common/src/ssh.rs:249 [2;3mon[0m ThreadId(1)

  [2m2026-02-16T03:53:20.715142Z[0m [32m INFO[0m [1;32mrch::hook[0m[32m: [32mRemote command finished: exit=0 in 789ms[0m
    [2;3mat[0m rch/src/hook.rs:2479 [2;3mon[0m ThreadId(1)

  [2m2026-02-16T03:53:20.715149Z[0m [32m INFO[0m [1;32mrch::hook[0m[32m: [32mRetrieving build artifacts...[0m
    [2;3mat[0m rch/src/hook.rs:2521 [2;3mon[0m ThreadId(1)

  [2m2026-02-16T03:53:20.715157Z[0m [32m INFO[0m [1;32mrch::transfer[0m[32m: [32mRetrieving artifacts from /tmp/rch/franken_networkx/166cc52d5d9b158c on vmi1149989[0m
    [2;3mat[0m rch/src/transfer.rs:1180 [2;3mon[0m ThreadId(1)

  [2m2026-02-16T03:53:22.938828Z[0m [33m WARN[0m [1;33mrch::transfer[0m[33m: [33mNo artifacts retrieved from vmi1149989 - build may have failed or artifact patterns may be misconfigured[0m
    [2;3mat[0m rch/src/transfer.rs:1212 [2;3mon[0m ThreadId(1)

  [2m2026-02-16T03:53:22.938848Z[0m [32m INFO[0m [1;32mrch::transfer[0m[32m: [32mArtifacts retrieved in 2223ms (0 files, 0 bytes)[0m
    [2;3mat[0m rch/src/transfer.rs:1219 [2;3mon[0m ThreadId(1)

  [2m2026-02-16T03:53:22.938857Z[0m [32m INFO[0m [1;32mrch::hook[0m[32m: [32mArtifacts retrieved: 0 files, 0 bytes in 2223ms[0m
    [2;3mat[0m rch/src/hook.rs:2548 [2;3mon[0m ThreadId(1)

[RCH] remote vmi1149989 (6.3s)
