### cycle 01/01
start_unix_ms=1771312285187
end_unix_ms=1771312296593
duration_ms=11406
return_code=0


  [2m2026-02-17T07:11:25.228223Z[0m [32m INFO[0m [1;32mrch::hook[0m[32m: [32mSelected worker: vmi1153651 at ubuntu@38.242.134.66 (4 slots, speed 50.0)[0m
    [2;3mat[0m rch/src/hook.rs:282 [2;3mon[0m ThreadId(1)

  [2m2026-02-17T07:11:25.376291Z[0m [32m INFO[0m [1;32mrch::hook[0m[32m: [32mStarting remote compilation pipeline for franken_networkx (hash: 60e3231273779d0e)[0m
    [2;3mat[0m rch/src/hook.rs:3406 [2;3mon[0m ThreadId(1)

  [2m2026-02-17T07:11:25.376316Z[0m [32m INFO[0m [1;32mrch::hook[0m[32m: [32mPrepared dependency sync manifest for 1 roots[0m
    [2;3mat[0m rch/src/hook.rs:3428 [2;3mon[0m ThreadId(1)

  [2m2026-02-17T07:11:26.756178Z[0m [32m INFO[0m [1;32mrch::hook[0m[32m: [32mSyncing project to worker vmi1153651...[0m
    [2;3mat[0m rch/src/hook.rs:3452 [2;3mon[0m ThreadId(1)

  [2m2026-02-17T07:11:26.756219Z[0m [32m INFO[0m [1;32mrch::transfer[0m[32m: [32mSyncing /data/projects/franken_networkx -> /data/projects/franken_networkx on vmi1153651[0m
    [2;3mat[0m rch/src/transfer.rs:908 [2;3mon[0m ThreadId(1)

  [2m2026-02-17T07:11:29.027799Z[0m [32m INFO[0m [1;32mrch::transfer[0m[32m: [32mSync completed in 2271ms[0m
    [2;3mat[0m rch/src/transfer.rs:977 [2;3mon[0m ThreadId(1)

  [2m2026-02-17T07:11:29.027824Z[0m [32m INFO[0m [1;32mrch::hook[0m[32m: [32mSync complete: 2187 files, 76744 bytes in 2271ms[0m
    [2;3mat[0m rch/src/hook.rs:3527 [2;3mon[0m ThreadId(1)

  [2m2026-02-17T07:11:30.400778Z[0m [32m INFO[0m [1;32mrch::hook[0m[32m: [32mExecuting command remotely: cargo run -q -p fnx-conformance --bin run_smoke -- --fixture generated/readwrite_hardened_malformed.json --mode hardened[0m
    [2;3mat[0m rch/src/hook.rs:3547 [2;3mon[0m ThreadId(1)

  [2m2026-02-17T07:11:30.400801Z[0m [32m INFO[0m [1;32mrch::transfer[0m[32m: [32mWrapping command with external timeout protection, [1;32mkind[0m[32m: cargo build, [1;32mtimeout_secs[0m[32m: 300[0m
    [2;3mat[0m rch/src/transfer.rs:669 [2;3mon[0m ThreadId(1)

suite=smoke fixtures=1 mismatches=0 oracle_present=true structured_logs=1
  [2m2026-02-17T07:11:33.109702Z[0m [32m INFO[0m [1;32mrch::hook[0m[32m: [32mRemote command finished: exit=0 in 2708ms[0m
    [2;3mat[0m rch/src/hook.rs:3656 [2;3mon[0m ThreadId(1)

  [2m2026-02-17T07:11:33.109721Z[0m [32m INFO[0m [1;32mrch::hook[0m[32m: [32mRetrieving build artifacts...[0m
    [2;3mat[0m rch/src/hook.rs:3698 [2;3mon[0m ThreadId(1)

  [2m2026-02-17T07:11:33.109731Z[0m [32m INFO[0m [1;32mrch::transfer[0m[32m: [32mRetrieving artifacts from /data/projects/franken_networkx on vmi1153651[0m
    [2;3mat[0m rch/src/transfer.rs:1511 [2;3mon[0m ThreadId(1)

  [2m2026-02-17T07:11:36.590337Z[0m [32m INFO[0m [1;32mrch::transfer[0m[32m: [32mArtifacts retrieved in 3480ms (8526 files, 81419 bytes)[0m
    [2;3mat[0m rch/src/transfer.rs:1550 [2;3mon[0m ThreadId(1)

  [2m2026-02-17T07:11:36.590353Z[0m [32m INFO[0m [1;32mrch::hook[0m[32m: [32mArtifacts retrieved: 8526 files, 81419 bytes in 3480ms[0m
    [2;3mat[0m rch/src/hook.rs:3725 [2;3mon[0m ThreadId(1)

[RCH] remote vmi1153651 (11.4s)

