### cycle 01/01
start_unix_ms=1782018468152
end_unix_ms=1782018516014
duration_ms=47862
return_code=0
attempt_count=1

--- attempt 01/03
attempt_start_unix_ms=1782018468152
attempt_end_unix_ms=1782018516014
attempt_duration_ms=47862
return_code=0
retryable_rch_artifact_retrieval_failure=false
will_retry=false


  [2m2026-06-21T05:07:48.175243Z[0m [32m INFO[0m [1;32mrch::hook[0m[32m: [32mSelected worker: hz1 at root@87.99.133.171 (2 slots remaining after reservation, speed 50.0)[0m
    [2;3mat[0m rch/src/hook.rs:921 [2;3mon[0m ThreadId(1)

  [2m2026-06-21T05:07:48.386884Z[0m [32m INFO[0m [1;32mrch::hook::transfer_orchestration[0m[32m: [32mStarting remote compilation pipeline for franken_networkx-release-v020 (hash: f2d070a9d6bee224)[0m
    [2;3mat[0m rch/src/hook/transfer_orchestration.rs:241 [2;3mon[0m ThreadId(1)

  [2m2026-06-21T05:07:48.386947Z[0m [32m INFO[0m [1;32mrch::hook::transfer_orchestration[0m[32m: [32mPrepared dependency sync manifest for 13 roots[0m
    [2;3mat[0m rch/src/hook/transfer_orchestration.rs:263 [2;3mon[0m ThreadId(1)

  [2m2026-06-21T05:07:50.967369Z[0m [32m INFO[0m [1;32mrch::hook::transfer_orchestration[0m[32m: [32mSyncing project to worker hz1...[0m
    [2;3mat[0m rch/src/hook/transfer_orchestration.rs:323 [2;3mon[0m ThreadId(1)

  [2m2026-06-21T05:07:50.967416Z[0m [32m INFO[0m [1;32mrch::transfer[0m[32m: [32mSyncing /data/projects/.scratch/franken_networkx-release-v020 -> /data/projects/.scratch/franken_networkx-release-v020 on hz1[0m
    [2;3mat[0m rch/src/transfer.rs:1528 [2;3mon[0m ThreadId(1)

  [2m2026-06-21T05:07:53.667381Z[0m [32m INFO[0m [1;32mrch::transfer[0m[32m: [32mSync completed in 2699ms[0m
    [2;3mat[0m rch/src/transfer.rs:1592 [2;3mon[0m ThreadId(1)

  [2m2026-06-21T05:07:53.667451Z[0m [32m INFO[0m [1;32mrch::transfer[0m[32m: [32mSyncing /data/projects/.scratch/franken_networkx-release-v020/crates/fnx-algorithms -> /data/projects/.scratch/franken_networkx-release-v020/crates/fnx-algorithms on hz1[0m
    [2;3mat[0m rch/src/transfer.rs:1528 [2;3mon[0m ThreadId(1)

  [2m2026-06-21T05:07:54.136750Z[0m [32m INFO[0m [1;32mrch::transfer[0m[32m: [32mSync completed in 469ms[0m
    [2;3mat[0m rch/src/transfer.rs:1592 [2;3mon[0m ThreadId(1)

  [2m2026-06-21T05:07:54.136819Z[0m [32m INFO[0m [1;32mrch::transfer[0m[32m: [32mSyncing /data/projects/.scratch/franken_networkx-release-v020/crates/fnx-cgse -> /data/projects/.scratch/franken_networkx-release-v020/crates/fnx-cgse on hz1[0m
    [2;3mat[0m rch/src/transfer.rs:1528 [2;3mon[0m ThreadId(1)

  [2m2026-06-21T05:07:54.637296Z[0m [32m INFO[0m [1;32mrch::transfer[0m[32m: [32mSync completed in 500ms[0m
    [2;3mat[0m rch/src/transfer.rs:1592 [2;3mon[0m ThreadId(1)

  [2m2026-06-21T05:07:54.637389Z[0m [32m INFO[0m [1;32mrch::transfer[0m[32m: [32mSyncing /data/projects/.scratch/franken_networkx-release-v020/crates/fnx-classes -> /data/projects/.scratch/franken_networkx-release-v020/crates/fnx-classes on hz1[0m
    [2;3mat[0m rch/src/transfer.rs:1528 [2;3mon[0m ThreadId(1)

  [2m2026-06-21T05:07:55.127536Z[0m [32m INFO[0m [1;32mrch::transfer[0m[32m: [32mSync completed in 490ms[0m
    [2;3mat[0m rch/src/transfer.rs:1592 [2;3mon[0m ThreadId(1)

  [2m2026-06-21T05:07:55.127607Z[0m [32m INFO[0m [1;32mrch::transfer[0m[32m: [32mSyncing /data/projects/.scratch/franken_networkx-release-v020/crates/fnx-conformance -> /data/projects/.scratch/franken_networkx-release-v020/crates/fnx-conformance on hz1[0m
    [2;3mat[0m rch/src/transfer.rs:1528 [2;3mon[0m ThreadId(1)

  [2m2026-06-21T05:07:55.655312Z[0m [32m INFO[0m [1;32mrch::transfer[0m[32m: [32mSync completed in 527ms[0m
    [2;3mat[0m rch/src/transfer.rs:1592 [2;3mon[0m ThreadId(1)

  [2m2026-06-21T05:07:55.655380Z[0m [32m INFO[0m [1;32mrch::transfer[0m[32m: [32mSyncing /data/projects/.scratch/franken_networkx-release-v020/crates/fnx-convert -> /data/projects/.scratch/franken_networkx-release-v020/crates/fnx-convert on hz1[0m
    [2;3mat[0m rch/src/transfer.rs:1528 [2;3mon[0m ThreadId(1)

  [2m2026-06-21T05:07:56.153998Z[0m [32m INFO[0m [1;32mrch::transfer[0m[32m: [32mSync completed in 498ms[0m
    [2;3mat[0m rch/src/transfer.rs:1592 [2;3mon[0m ThreadId(1)

  [2m2026-06-21T05:07:56.154077Z[0m [32m INFO[0m [1;32mrch::transfer[0m[32m: [32mSyncing /data/projects/.scratch/franken_networkx-release-v020/crates/fnx-dispatch -> /data/projects/.scratch/franken_networkx-release-v020/crates/fnx-dispatch on hz1[0m
    [2;3mat[0m rch/src/transfer.rs:1528 [2;3mon[0m ThreadId(1)

  [2m2026-06-21T05:07:56.694604Z[0m [32m INFO[0m [1;32mrch::transfer[0m[32m: [32mSync completed in 540ms[0m
    [2;3mat[0m rch/src/transfer.rs:1592 [2;3mon[0m ThreadId(1)

  [2m2026-06-21T05:07:56.694682Z[0m [32m INFO[0m [1;32mrch::transfer[0m[32m: [32mSyncing /data/projects/.scratch/franken_networkx-release-v020/crates/fnx-durability -> /data/projects/.scratch/franken_networkx-release-v020/crates/fnx-durability on hz1[0m
    [2;3mat[0m rch/src/transfer.rs:1528 [2;3mon[0m ThreadId(1)

  [2m2026-06-21T05:07:57.279123Z[0m [32m INFO[0m [1;32mrch::transfer[0m[32m: [32mSync completed in 584ms[0m
    [2;3mat[0m rch/src/transfer.rs:1592 [2;3mon[0m ThreadId(1)

  [2m2026-06-21T05:07:57.279197Z[0m [32m INFO[0m [1;32mrch::transfer[0m[32m: [32mSyncing /data/projects/.scratch/franken_networkx-release-v020/crates/fnx-generators -> /data/projects/.scratch/franken_networkx-release-v020/crates/fnx-generators on hz1[0m
    [2;3mat[0m rch/src/transfer.rs:1528 [2;3mon[0m ThreadId(1)

  [2m2026-06-21T05:07:57.784516Z[0m [32m INFO[0m [1;32mrch::transfer[0m[32m: [32mSync completed in 505ms[0m
    [2;3mat[0m rch/src/transfer.rs:1592 [2;3mon[0m ThreadId(1)

  [2m2026-06-21T05:07:57.784602Z[0m [32m INFO[0m [1;32mrch::transfer[0m[32m: [32mSyncing /data/projects/.scratch/franken_networkx-release-v020/crates/fnx-python -> /data/projects/.scratch/franken_networkx-release-v020/crates/fnx-python on hz1[0m
    [2;3mat[0m rch/src/transfer.rs:1528 [2;3mon[0m ThreadId(1)

  [2m2026-06-21T05:07:58.289093Z[0m [32m INFO[0m [1;32mrch::transfer[0m[32m: [32mSync completed in 504ms[0m
    [2;3mat[0m rch/src/transfer.rs:1592 [2;3mon[0m ThreadId(1)

  [2m2026-06-21T05:07:58.289156Z[0m [32m INFO[0m [1;32mrch::transfer[0m[32m: [32mSyncing /data/projects/.scratch/franken_networkx-release-v020/crates/fnx-readwrite -> /data/projects/.scratch/franken_networkx-release-v020/crates/fnx-readwrite on hz1[0m
    [2;3mat[0m rch/src/transfer.rs:1528 [2;3mon[0m ThreadId(1)

  [2m2026-06-21T05:07:58.810358Z[0m [32m INFO[0m [1;32mrch::transfer[0m[32m: [32mSync completed in 521ms[0m
    [2;3mat[0m rch/src/transfer.rs:1592 [2;3mon[0m ThreadId(1)

  [2m2026-06-21T05:07:58.810447Z[0m [32m INFO[0m [1;32mrch::transfer[0m[32m: [32mSyncing /data/projects/.scratch/franken_networkx-release-v020/crates/fnx-runtime -> /data/projects/.scratch/franken_networkx-release-v020/crates/fnx-runtime on hz1[0m
    [2;3mat[0m rch/src/transfer.rs:1528 [2;3mon[0m ThreadId(1)

  [2m2026-06-21T05:07:59.328731Z[0m [32m INFO[0m [1;32mrch::transfer[0m[32m: [32mSync completed in 518ms[0m
    [2;3mat[0m rch/src/transfer.rs:1592 [2;3mon[0m ThreadId(1)

  [2m2026-06-21T05:07:59.328802Z[0m [32m INFO[0m [1;32mrch::transfer[0m[32m: [32mSyncing /data/projects/.scratch/franken_networkx-release-v020/crates/fnx-views -> /data/projects/.scratch/franken_networkx-release-v020/crates/fnx-views on hz1[0m
    [2;3mat[0m rch/src/transfer.rs:1528 [2;3mon[0m ThreadId(1)

  [2m2026-06-21T05:07:59.845538Z[0m [32m INFO[0m [1;32mrch::transfer[0m[32m: [32mSync completed in 516ms[0m
    [2;3mat[0m rch/src/transfer.rs:1592 [2;3mon[0m ThreadId(1)

  [2m2026-06-21T05:07:59.845571Z[0m [32m INFO[0m [1;32mrch::hook::transfer_orchestration[0m[32m: [32mSync complete: 63745 files, 3302728 bytes in 8871ms[0m
    [2;3mat[0m rch/src/hook/transfer_orchestration.rs:486 [2;3mon[0m ThreadId(1)

  [2m2026-06-21T05:08:01.069579Z[0m [32m INFO[0m [1;32mrch::hook::transfer_orchestration[0m[32m: [32mExecuting command remotely: cargo run -q -p fnx-conformance --bin run_smoke -- --fixture generated/generators_path_strict.json --mode strict[0m
    [2;3mat[0m rch/src/hook/transfer_orchestration.rs:529 [2;3mon[0m ThreadId(1)

  [2m2026-06-21T05:08:01.069623Z[0m [32m INFO[0m [1;32mrch::transfer[0m[32m: [32mRewriting CARGO_TARGET_DIR for remote execution (worker-scoped path): /data/tmp/cargo-target -> /data/projects/.scratch/franken_networkx-release-v020/.rch-target-hz1-pool-a42b6534dc4ceab31971715629ed481d[0m
    [2;3mat[0m rch/src/transfer.rs:799 [2;3mon[0m ThreadId(1)

suite=smoke fixtures=1 mismatches=0 oracle_present=true structured_logs=1
  [2m2026-06-21T05:08:31.850028Z[0m [32m INFO[0m [1;32mrch::hook::transfer_orchestration[0m[32m: [32mRemote command finished: exit=0 in 30780ms[0m
    [2;3mat[0m rch/src/hook/transfer_orchestration.rs:653 [2;3mon[0m ThreadId(1)

  [2m2026-06-21T05:08:31.850305Z[0m [32m INFO[0m [1;32mrch::hook::transfer_orchestration[0m[32m: [32mRetrieving build artifacts...[0m
    [2;3mat[0m rch/src/hook/transfer_orchestration.rs:702 [2;3mon[0m ThreadId(1)

  [2m2026-06-21T05:08:31.850318Z[0m [32m INFO[0m [1;32mrch::transfer[0m[32m: [32mRetrieving artifacts from /data/projects/.scratch/franken_networkx-release-v020 on hz1[0m
    [2;3mat[0m rch/src/transfer.rs:2246 [2;3mon[0m ThreadId(1)

  [2m2026-06-21T05:08:32.339872Z[0m [32m INFO[0m [1;32mrch::transfer[0m[32m: [32mArtifacts retrieved in 489ms (1 files, 1008 bytes)[0m
    [2;3mat[0m rch/src/transfer.rs:2301 [2;3mon[0m ThreadId(1)

  [2m2026-06-21T05:08:32.339897Z[0m [32m INFO[0m [1;32mrch::hook::transfer_orchestration[0m[32m: [32mArtifacts retrieved: 1 files, 1008 bytes in 489ms[0m
    [2;3mat[0m rch/src/hook/transfer_orchestration.rs:735 [2;3mon[0m ThreadId(1)

  [2m2026-06-21T05:08:32.340019Z[0m [32m INFO[0m [1;32mrch::transfer[0m[32m: [32mRetrieving artifacts from /data/projects/.scratch/franken_networkx-release-v020/.rch-target-hz1-pool-a42b6534dc4ceab31971715629ed481d on hz1[0m
    [2;3mat[0m rch/src/transfer.rs:2246 [2;3mon[0m ThreadId(1)

  [2m2026-06-21T05:08:36.012538Z[0m [32m INFO[0m [1;32mrch::transfer[0m[32m: [32mArtifacts retrieved in 3672ms (109 files, 2467 bytes)[0m
    [2;3mat[0m rch/src/transfer.rs:2301 [2;3mon[0m ThreadId(1)

  [2m2026-06-21T05:08:36.012559Z[0m [32m INFO[0m [1;32mrch::hook::transfer_orchestration[0m[32m: [32mCustom CARGO_TARGET_DIR artifacts retrieved: 109 files, 2467 bytes in 3672ms[0m
    [2;3mat[0m rch/src/hook/transfer_orchestration.rs:859 [2;3mon[0m ThreadId(1)

[RCH] remote hz1 (47.8s)


