### cycle 01/01
start_unix_ms=1771452203721
end_unix_ms=1771452215144
duration_ms=11423
return_code=0


  [2m2026-02-18T22:03:23.753190Z[0m [32m INFO[0m [1;32mrch::hook[0m[32m: [32mSelected worker: vmi1149989 at ubuntu@212.90.121.76 (2 slots, speed 50.0)[0m
    [2;3mat[0m rch/src/hook.rs:282 [2;3mon[0m ThreadId(1)

  [2m2026-02-18T22:03:23.902184Z[0m [32m INFO[0m [1;32mrch::hook[0m[32m: [32mStarting remote compilation pipeline for franken_networkx (hash: 8a26879a377a6546)[0m
    [2;3mat[0m rch/src/hook.rs:3406 [2;3mon[0m ThreadId(1)

  [2m2026-02-18T22:03:23.902210Z[0m [32m INFO[0m [1;32mrch::hook[0m[32m: [32mPrepared dependency sync manifest for 1 roots[0m
    [2;3mat[0m rch/src/hook.rs:3428 [2;3mon[0m ThreadId(1)

  [2m2026-02-18T22:03:25.394641Z[0m [32m INFO[0m [1;32mrch::hook[0m[32m: [32mSyncing project to worker vmi1149989...[0m
    [2;3mat[0m rch/src/hook.rs:3452 [2;3mon[0m ThreadId(1)

  [2m2026-02-18T22:03:25.394696Z[0m [32m INFO[0m [1;32mrch::transfer[0m[32m: [32mSyncing /data/projects/franken_networkx -> /data/projects/franken_networkx on vmi1149989[0m
    [2;3mat[0m rch/src/transfer.rs:908 [2;3mon[0m ThreadId(1)

  [2m2026-02-18T22:03:27.849270Z[0m [32m INFO[0m [1;32mrch::transfer[0m[32m: [32mSync completed in 2454ms[0m
    [2;3mat[0m rch/src/transfer.rs:977 [2;3mon[0m ThreadId(1)

  [2m2026-02-18T22:03:27.849292Z[0m [32m INFO[0m [1;32mrch::hook[0m[32m: [32mSync complete: 2469 files, 84187 bytes in 2454ms[0m
    [2;3mat[0m rch/src/hook.rs:3527 [2;3mon[0m ThreadId(1)

  [2m2026-02-18T22:03:29.348543Z[0m [32m INFO[0m [1;32mrch::hook[0m[32m: [32mExecuting command remotely: cargo run -q -p fnx-conformance --bin run_smoke -- --fixture generated/conformance_harness_strict.json --mode strict[0m
    [2;3mat[0m rch/src/hook.rs:3547 [2;3mon[0m ThreadId(1)

  [2m2026-02-18T22:03:29.348563Z[0m [32m INFO[0m [1;32mrch::transfer[0m[32m: [32mWrapping command with external timeout protection, [1;32mkind[0m[32m: cargo build, [1;32mtimeout_secs[0m[32m: 300[0m
    [2;3mat[0m rch/src/transfer.rs:669 [2;3mon[0m ThreadId(1)

suite=smoke fixtures=1 mismatches=0 oracle_present=true structured_logs=1
  [2m2026-02-18T22:03:31.241209Z[0m [32m INFO[0m [1;32mrch::hook[0m[32m: [32mRemote command finished: exit=0 in 1892ms[0m
    [2;3mat[0m rch/src/hook.rs:3656 [2;3mon[0m ThreadId(1)

  [2m2026-02-18T22:03:31.241222Z[0m [32m INFO[0m [1;32mrch::hook[0m[32m: [32mRetrieving build artifacts...[0m
    [2;3mat[0m rch/src/hook.rs:3698 [2;3mon[0m ThreadId(1)

  [2m2026-02-18T22:03:31.241231Z[0m [32m INFO[0m [1;32mrch::transfer[0m[32m: [32mRetrieving artifacts from /data/projects/franken_networkx on vmi1149989[0m
    [2;3mat[0m rch/src/transfer.rs:1511 [2;3mon[0m ThreadId(1)

  [2m2026-02-18T22:03:35.139687Z[0m [32m INFO[0m [1;32mrch::transfer[0m[32m: [32mArtifacts retrieved in 3898ms (1538 files, 39516 bytes)[0m
    [2;3mat[0m rch/src/transfer.rs:1550 [2;3mon[0m ThreadId(1)

  [2m2026-02-18T22:03:35.139706Z[0m [32m INFO[0m [1;32mrch::hook[0m[32m: [32mArtifacts retrieved: 1538 files, 39516 bytes in 3898ms[0m
    [2;3mat[0m rch/src/hook.rs:3725 [2;3mon[0m ThreadId(1)

[RCH] remote vmi1149989 (11.4s)

