### cycle 01/01
start_unix_ms=1782018847959
end_unix_ms=1782018866661
duration_ms=18702
return_code=0
attempt_count=1

--- attempt 01/03
attempt_start_unix_ms=1782018847959
attempt_end_unix_ms=1782018866661
attempt_duration_ms=18702
return_code=0
retryable_rch_artifact_retrieval_failure=false
will_retry=false


  [2m2026-06-21T05:14:07.981118Z[0m [32m INFO[0m [1;32mrch::hook[0m[32m: [32mSelected worker: hz1 at root@87.99.133.171 (2 slots remaining after reservation, speed 50.0)[0m
    [2;3mat[0m rch/src/hook.rs:921 [2;3mon[0m ThreadId(1)

  [2m2026-06-21T05:14:08.190804Z[0m [32m INFO[0m [1;32mrch::hook::transfer_orchestration[0m[32m: [32mStarting remote compilation pipeline for franken_networkx-release-v020 (hash: f2d070a9d6bee224)[0m
    [2;3mat[0m rch/src/hook/transfer_orchestration.rs:241 [2;3mon[0m ThreadId(1)

  [2m2026-06-21T05:14:08.190840Z[0m [32m INFO[0m [1;32mrch::hook::transfer_orchestration[0m[32m: [32mPrepared dependency sync manifest for 13 roots[0m
    [2;3mat[0m rch/src/hook/transfer_orchestration.rs:263 [2;3mon[0m ThreadId(1)

  [2m2026-06-21T05:14:10.310325Z[0m [32m INFO[0m [1;32mrch::hook::transfer_orchestration[0m[32m: [32mSyncing project to worker hz1...[0m
    [2;3mat[0m rch/src/hook/transfer_orchestration.rs:323 [2;3mon[0m ThreadId(1)

  [2m2026-06-21T05:14:10.310374Z[0m [32m INFO[0m [1;32mrch::transfer[0m[32m: [32mSyncing /data/projects/.scratch/franken_networkx-release-v020 -> /data/projects/.scratch/franken_networkx-release-v020 on hz1[0m
    [2;3mat[0m rch/src/transfer.rs:1528 [2;3mon[0m ThreadId(1)

  [2m2026-06-21T05:14:12.407039Z[0m [32m INFO[0m [1;32mrch::transfer[0m[32m: [32mSync completed in 2096ms[0m
    [2;3mat[0m rch/src/transfer.rs:1592 [2;3mon[0m ThreadId(1)

  [2m2026-06-21T05:14:12.407106Z[0m [32m INFO[0m [1;32mrch::transfer[0m[32m: [32mSyncing /data/projects/.scratch/franken_networkx-release-v020/crates/fnx-algorithms -> /data/projects/.scratch/franken_networkx-release-v020/crates/fnx-algorithms on hz1[0m
    [2;3mat[0m rch/src/transfer.rs:1528 [2;3mon[0m ThreadId(1)

  [2m2026-06-21T05:14:12.815438Z[0m [32m INFO[0m [1;32mrch::transfer[0m[32m: [32mSync completed in 408ms[0m
    [2;3mat[0m rch/src/transfer.rs:1592 [2;3mon[0m ThreadId(1)

  [2m2026-06-21T05:14:12.815524Z[0m [32m INFO[0m [1;32mrch::transfer[0m[32m: [32mSyncing /data/projects/.scratch/franken_networkx-release-v020/crates/fnx-cgse -> /data/projects/.scratch/franken_networkx-release-v020/crates/fnx-cgse on hz1[0m
    [2;3mat[0m rch/src/transfer.rs:1528 [2;3mon[0m ThreadId(1)

  [2m2026-06-21T05:14:13.282572Z[0m [32m INFO[0m [1;32mrch::transfer[0m[32m: [32mSync completed in 467ms[0m
    [2;3mat[0m rch/src/transfer.rs:1592 [2;3mon[0m ThreadId(1)

  [2m2026-06-21T05:14:13.282648Z[0m [32m INFO[0m [1;32mrch::transfer[0m[32m: [32mSyncing /data/projects/.scratch/franken_networkx-release-v020/crates/fnx-classes -> /data/projects/.scratch/franken_networkx-release-v020/crates/fnx-classes on hz1[0m
    [2;3mat[0m rch/src/transfer.rs:1528 [2;3mon[0m ThreadId(1)

  [2m2026-06-21T05:14:13.686603Z[0m [32m INFO[0m [1;32mrch::transfer[0m[32m: [32mSync completed in 403ms[0m
    [2;3mat[0m rch/src/transfer.rs:1592 [2;3mon[0m ThreadId(1)

  [2m2026-06-21T05:14:13.686673Z[0m [32m INFO[0m [1;32mrch::transfer[0m[32m: [32mSyncing /data/projects/.scratch/franken_networkx-release-v020/crates/fnx-conformance -> /data/projects/.scratch/franken_networkx-release-v020/crates/fnx-conformance on hz1[0m
    [2;3mat[0m rch/src/transfer.rs:1528 [2;3mon[0m ThreadId(1)

  [2m2026-06-21T05:14:14.119696Z[0m [32m INFO[0m [1;32mrch::transfer[0m[32m: [32mSync completed in 433ms[0m
    [2;3mat[0m rch/src/transfer.rs:1592 [2;3mon[0m ThreadId(1)

  [2m2026-06-21T05:14:14.119769Z[0m [32m INFO[0m [1;32mrch::transfer[0m[32m: [32mSyncing /data/projects/.scratch/franken_networkx-release-v020/crates/fnx-convert -> /data/projects/.scratch/franken_networkx-release-v020/crates/fnx-convert on hz1[0m
    [2;3mat[0m rch/src/transfer.rs:1528 [2;3mon[0m ThreadId(1)

  [2m2026-06-21T05:14:14.509444Z[0m [32m INFO[0m [1;32mrch::transfer[0m[32m: [32mSync completed in 389ms[0m
    [2;3mat[0m rch/src/transfer.rs:1592 [2;3mon[0m ThreadId(1)

  [2m2026-06-21T05:14:14.509674Z[0m [32m INFO[0m [1;32mrch::transfer[0m[32m: [32mSyncing /data/projects/.scratch/franken_networkx-release-v020/crates/fnx-dispatch -> /data/projects/.scratch/franken_networkx-release-v020/crates/fnx-dispatch on hz1[0m
    [2;3mat[0m rch/src/transfer.rs:1528 [2;3mon[0m ThreadId(1)

  [2m2026-06-21T05:14:14.933431Z[0m [32m INFO[0m [1;32mrch::transfer[0m[32m: [32mSync completed in 423ms[0m
    [2;3mat[0m rch/src/transfer.rs:1592 [2;3mon[0m ThreadId(1)

  [2m2026-06-21T05:14:14.933540Z[0m [32m INFO[0m [1;32mrch::transfer[0m[32m: [32mSyncing /data/projects/.scratch/franken_networkx-release-v020/crates/fnx-durability -> /data/projects/.scratch/franken_networkx-release-v020/crates/fnx-durability on hz1[0m
    [2;3mat[0m rch/src/transfer.rs:1528 [2;3mon[0m ThreadId(1)

  [2m2026-06-21T05:14:15.341648Z[0m [32m INFO[0m [1;32mrch::transfer[0m[32m: [32mSync completed in 408ms[0m
    [2;3mat[0m rch/src/transfer.rs:1592 [2;3mon[0m ThreadId(1)

  [2m2026-06-21T05:14:15.341729Z[0m [32m INFO[0m [1;32mrch::transfer[0m[32m: [32mSyncing /data/projects/.scratch/franken_networkx-release-v020/crates/fnx-generators -> /data/projects/.scratch/franken_networkx-release-v020/crates/fnx-generators on hz1[0m
    [2;3mat[0m rch/src/transfer.rs:1528 [2;3mon[0m ThreadId(1)

  [2m2026-06-21T05:14:15.759353Z[0m [32m INFO[0m [1;32mrch::transfer[0m[32m: [32mSync completed in 417ms[0m
    [2;3mat[0m rch/src/transfer.rs:1592 [2;3mon[0m ThreadId(1)

  [2m2026-06-21T05:14:15.759426Z[0m [32m INFO[0m [1;32mrch::transfer[0m[32m: [32mSyncing /data/projects/.scratch/franken_networkx-release-v020/crates/fnx-python -> /data/projects/.scratch/franken_networkx-release-v020/crates/fnx-python on hz1[0m
    [2;3mat[0m rch/src/transfer.rs:1528 [2;3mon[0m ThreadId(1)

  [2m2026-06-21T05:14:16.183097Z[0m [32m INFO[0m [1;32mrch::transfer[0m[32m: [32mSync completed in 423ms[0m
    [2;3mat[0m rch/src/transfer.rs:1592 [2;3mon[0m ThreadId(1)

  [2m2026-06-21T05:14:16.183206Z[0m [32m INFO[0m [1;32mrch::transfer[0m[32m: [32mSyncing /data/projects/.scratch/franken_networkx-release-v020/crates/fnx-readwrite -> /data/projects/.scratch/franken_networkx-release-v020/crates/fnx-readwrite on hz1[0m
    [2;3mat[0m rch/src/transfer.rs:1528 [2;3mon[0m ThreadId(1)

  [2m2026-06-21T05:14:16.590476Z[0m [32m INFO[0m [1;32mrch::transfer[0m[32m: [32mSync completed in 407ms[0m
    [2;3mat[0m rch/src/transfer.rs:1592 [2;3mon[0m ThreadId(1)

  [2m2026-06-21T05:14:16.590549Z[0m [32m INFO[0m [1;32mrch::transfer[0m[32m: [32mSyncing /data/projects/.scratch/franken_networkx-release-v020/crates/fnx-runtime -> /data/projects/.scratch/franken_networkx-release-v020/crates/fnx-runtime on hz1[0m
    [2;3mat[0m rch/src/transfer.rs:1528 [2;3mon[0m ThreadId(1)

  [2m2026-06-21T05:14:16.989797Z[0m [32m INFO[0m [1;32mrch::transfer[0m[32m: [32mSync completed in 399ms[0m
    [2;3mat[0m rch/src/transfer.rs:1592 [2;3mon[0m ThreadId(1)

  [2m2026-06-21T05:14:16.989867Z[0m [32m INFO[0m [1;32mrch::transfer[0m[32m: [32mSyncing /data/projects/.scratch/franken_networkx-release-v020/crates/fnx-views -> /data/projects/.scratch/franken_networkx-release-v020/crates/fnx-views on hz1[0m
    [2;3mat[0m rch/src/transfer.rs:1528 [2;3mon[0m ThreadId(1)

  [2m2026-06-21T05:14:17.451234Z[0m [32m INFO[0m [1;32mrch::transfer[0m[32m: [32mSync completed in 461ms[0m
    [2;3mat[0m rch/src/transfer.rs:1592 [2;3mon[0m ThreadId(1)

  [2m2026-06-21T05:14:17.451295Z[0m [32m INFO[0m [1;32mrch::hook::transfer_orchestration[0m[32m: [32mSync complete: 63745 files, 3260920 bytes in 7134ms[0m
    [2;3mat[0m rch/src/hook/transfer_orchestration.rs:486 [2;3mon[0m ThreadId(1)

  [2m2026-06-21T05:14:18.519205Z[0m [32m INFO[0m [1;32mrch::hook::transfer_orchestration[0m[32m: [32mExecuting command remotely: cargo test -q -p fnx-runtime asupersync_adapter_partial_write_cursor_regression_is_fail_closed -- --exact --nocapture[0m
    [2;3mat[0m rch/src/hook/transfer_orchestration.rs:529 [2;3mon[0m ThreadId(1)

  [2m2026-06-21T05:14:18.519268Z[0m [32m INFO[0m [1;32mrch::transfer[0m[32m: [32mRewriting CARGO_TARGET_DIR for remote execution (worker-scoped path): /data/tmp/cargo-target -> /data/projects/.scratch/franken_networkx-release-v020/.rch-target-hz1-pool-a42b6534dc4ceab31971715629ed481d[0m
    [2;3mat[0m rch/src/transfer.rs:799 [2;3mon[0m ThreadId(1)


running 0 tests

test result: ok. 0 passed; 0 failed; 0 ignored; 0 measured; 121 filtered out; finished in 0.00s


running 0 tests

test result: ok. 0 passed; 0 failed; 0 ignored; 0 measured; 0 filtered out; finished in 0.00s

  [2m2026-06-21T05:14:26.252166Z[0m [32m INFO[0m [1;32mrch::hook::transfer_orchestration[0m[32m: [32mRemote command finished: exit=0 in 7732ms[0m
    [2;3mat[0m rch/src/hook/transfer_orchestration.rs:653 [2;3mon[0m ThreadId(1)

  [2m2026-06-21T05:14:26.252390Z[0m [32m INFO[0m [1;32mrch::hook::transfer_orchestration[0m[32m: [32mRetrieving build artifacts...[0m
    [2;3mat[0m rch/src/hook/transfer_orchestration.rs:702 [2;3mon[0m ThreadId(1)

  [2m2026-06-21T05:14:26.252404Z[0m [32m INFO[0m [1;32mrch::transfer[0m[32m: [32mRetrieving artifacts from /data/projects/.scratch/franken_networkx-release-v020 on hz1[0m
    [2;3mat[0m rch/src/transfer.rs:2246 [2;3mon[0m ThreadId(1)

  [2m2026-06-21T05:14:26.658896Z[0m [32m INFO[0m [1;32mrch::transfer[0m[32m: [32mArtifacts retrieved in 406ms (1 files, 1108 bytes)[0m
    [2;3mat[0m rch/src/transfer.rs:2301 [2;3mon[0m ThreadId(1)

  [2m2026-06-21T05:14:26.658915Z[0m [32m INFO[0m [1;32mrch::hook::transfer_orchestration[0m[32m: [32mArtifacts retrieved: 1 files, 1108 bytes in 406ms[0m
    [2;3mat[0m rch/src/hook/transfer_orchestration.rs:735 [2;3mon[0m ThreadId(1)

[RCH] remote hz1 (18.7s)


